2017/12/20 12:37:09 [error] 10#10: *1 FastCGI sent in stderr: "Unable to open primary script: /var/www/html/api/public/index.php (No such file or directory)" while reading response header from upstream, client: 172.30.0.1, server: app, request: "GET / HTTP/1.1", upstream: "fastcgi://unix:/var/run/php/php7.1-fpm.sock:", host: "localhost:8088"
2017/12/20 13:14:33 [error] 10#10: *1 FastCGI sent in stderr: "Unable to open primary script: /var/www/html/api/public/index.php (No such file or directory)" while reading response header from upstream, client: 172.30.0.1, server: app, request: "GET / HTTP/1.1", upstream: "fastcgi://unix:/var/run/php/php7.1-fpm.sock:", host: "localhost:8088"
2017/12/20 13:16:24 [error] 10#10: *3 FastCGI sent in stderr: "Unable to open primary script: /var/www/html/api/public/index.php (No such file or directory)" while reading response header from upstream, client: 172.30.0.1, server: app, request: "GET / HTTP/1.1", upstream: "fastcgi://unix:/var/run/php/php7.1-fpm.sock:", host: "localhost:8088"
2017/12/20 13:16:26 [error] 10#10: *3 FastCGI sent in stderr: "Unable to open primary script: /var/www/html/api/public/index.php (No such file or directory)" while reading response header from upstream, client: 172.30.0.1, server: app, request: "GET / HTTP/1.1", upstream: "fastcgi://unix:/var/run/php/php7.1-fpm.sock:", host: "localhost:8088"
2017/12/20 13:16:29 [error] 10#10: *3 FastCGI sent in stderr: "Unable to open primary script: /var/www/html/api/public/index.php (No such file or directory)" while reading response header from upstream, client: 172.30.0.1, server: app, request: "GET / HTTP/1.1", upstream: "fastcgi://unix:/var/run/php/php7.1-fpm.sock:", host: "localhost:8088"
2017/12/20 13:16:30 [error] 10#10: *3 FastCGI sent in stderr: "Unable to open primary script: /var/www/html/api/public/index.php (No such file or directory)" while reading response header from upstream, client: 172.30.0.1, server: app, request: "GET / HTTP/1.1", upstream: "fastcgi://unix:/var/run/php/php7.1-fpm.sock:", host: "localhost:8088"
2017/12/20 13:16:31 [error] 10#10: *3 FastCGI sent in stderr: "Unable to open primary script: /var/www/html/api/public/index.php (No such file or directory)" while reading response header from upstream, client: 172.30.0.1, server: app, request: "GET / HTTP/1.1", upstream: "fastcgi://unix:/var/run/php/php7.1-fpm.sock:", host: "localhost:8088"
2017/12/20 13:17:21 [error] 10#10: *2 FastCGI sent in stderr: "Unable to open primary script: /var/www/html/api/public/index.php (No such file or directory)" while reading response header from upstream, client: 172.30.0.1, server: app, request: "GET / HTTP/1.1", upstream: "fastcgi://unix:/var/run/php/php7.1-fpm.sock:", host: "localhost:8088"
2017/12/26 18:47:47 [error] 10#10: *106 FastCGI sent in stderr: "PHP message: PHP Fatal error:  Namespace declaration statement has to be the very first statement or after any declare call in the script in /var/www/html/api/app/Http/Controllers/AtualizaPagamentoController.php on line 3
PHP message: PHP Stack trace:
PHP message: PHP   1. {main}() /var/www/html/api/public/index.php:0
PHP message: PHP   2. Laravel\Lumen\Application->run() /var/www/html/api/public/index.php:28
PHP message: PHP   3. Laravel\Lumen\Application->dispatch() /var/www/html/api/vendor/laravel/lumen-framework/src/Concerns/RoutesRequests.php:107
PHP message: PHP   4. Laravel\Lumen\Application->sendThroughPipeline() /var/www/html/api/vendor/laravel/lumen-framework/src/Concerns/RoutesRequests.php:166
PHP message: PHP   5. Laravel\Lumen\Application->Laravel\Lumen\Concerns\{closure}() /var/www/html/api/vendor/laravel/lumen-framework/src/Concerns/RoutesRequests.php:413
PHP message: PHP   6. Laravel\Lumen\Application->handleFoundRoute() /var/www/html/api/vendor/laravel/lumen-framework/src/Concerns/RoutesRequests.php:160
PHP message: PHP   7. Laravel\Lumen\Application->sendThroughPipeline() /var/www/html/api/vendor/laravel/lumen-framework/src/Concerns/RoutesRequests.php:256
PHP message: PHP   8. Laravel\Lumen\Routing\Pipeline->then() /var/www/html/api/vendor/laravel/lumen-framework/src/Concerns/RoutesRequests.php:410
PHP message: PHP   9. Laravel\Lumen\Routing\Pipeline->Laravel\Lumen\Routing\{closure}() /var/www/html/api/vendor/illuminate/pipeline/Pipeline.php:102
PHP message: PHP  10. call_user_func:{/var/www/html/api/vendor/laravel/lumen-framework/src/Routing/Pipeline.php:32}() /var/www/html/api/vendor/laravel/lumen-framework/src/Routing/Pipeline.php:32
PHP message: PHP  11. Laravel\Lumen\Routing\Pipeline->Illuminate\Pipeline\{closure}() /var/www/html/api/vendor/laravel/lumen-framework/src/Routing/Pipeline.php:32
PHP message: PHP  12. App\Http\Middleware\Authenticate->handle() /var/www/html/api/vendor/illuminate/pipeline/Pipeline.php:149
PHP messa
2017/12/26 18:57:33 [error] 10#10: *114 FastCGI sent in stderr: "PHP message: PHP Warning:  The use statement with non-compound name 'Validator' has no effect in /var/www/html/api/app/Http/Controllers/AtualizaPagamentoController.php on line 5
PHP message: PHP Stack trace:
PHP message: PHP   1. {main}() /var/www/html/api/public/index.php:0
PHP message: PHP   2. Laravel\Lumen\Application->run() /var/www/html/api/public/index.php:28
PHP message: PHP   3. Laravel\Lumen\Application->dispatch() /var/www/html/api/vendor/laravel/lumen-framework/src/Concerns/RoutesRequests.php:107
PHP message: PHP   4. Laravel\Lumen\Application->sendThroughPipeline() /var/www/html/api/vendor/laravel/lumen-framework/src/Concerns/RoutesRequests.php:166
PHP message: PHP   5. Laravel\Lumen\Application->Laravel\Lumen\Concerns\{closure}() /var/www/html/api/vendor/laravel/lumen-framework/src/Concerns/RoutesRequests.php:413
PHP message: PHP   6. Laravel\Lumen\Application->handleFoundRoute() /var/www/html/api/vendor/laravel/lumen-framework/src/Concerns/RoutesRequests.php:160
PHP message: PHP   7. Laravel\Lumen\Application->sendThroughPipeline() /var/www/html/api/vendor/laravel/lumen-framework/src/Concerns/RoutesRequests.php:256
PHP message: PHP   8. Laravel\Lumen\Routing\Pipeline->then() /var/www/html/api/vendor/laravel/lumen-framework/src/Concerns/RoutesRequests.php:410
PHP message: PHP   9. Laravel\Lumen\Routing\Pipeline->Laravel\Lumen\Routing\{closure}() /var/www/html/api/vendor/illuminate/pipeline/Pipeline.php:102
PHP message: PHP  10. call_user_func:{/var/www/html/api/vendor/laravel/lumen-framework/src/Routing/Pipeline.php:32}() /var/www/html/api/vendor/laravel/lumen-framework/src/Routing/Pipeline.php:32
PHP message: PHP  11. Laravel\Lumen\Routing\Pipeline->Illuminate\Pipeline\{closure}() /var/www/html/api/vendor/laravel/lumen-framework/src/Routing/Pipeline.php:32
PHP message: PHP  12. App\Http\Middleware\Authenticate->handle() /var/www/html/api/vendor/illuminate/pipeline/Pipeline.php:149
PHP message: PHP  13. Laravel\Lumen\Routing\Pipeline-
2017/12/27 17:59:34 [error] 10#10: *326 FastCGI sent in stderr: "PHP message: PHP Fatal error:  Class 'App\Publishers\Controller' not found in /var/www/html/api/app/Http/Controllers/AtualizaPagamentoController.php on line 11
PHP message: PHP Stack trace:
PHP message: PHP   1. {main}() /var/www/html/api/public/index.php:0
PHP message: PHP   2. Laravel\Lumen\Application->run() /var/www/html/api/public/index.php:28
PHP message: PHP   3. Laravel\Lumen\Application->dispatch() /var/www/html/api/vendor/laravel/lumen-framework/src/Concerns/RoutesRequests.php:107
PHP message: PHP   4. Laravel\Lumen\Application->sendThroughPipeline() /var/www/html/api/vendor/laravel/lumen-framework/src/Concerns/RoutesRequests.php:166
PHP message: PHP   5. Laravel\Lumen\Application->Laravel\Lumen\Concerns\{closure}() /var/www/html/api/vendor/laravel/lumen-framework/src/Concerns/RoutesRequests.php:413
PHP message: PHP   6. Laravel\Lumen\Application->handleFoundRoute() /var/www/html/api/vendor/laravel/lumen-framework/src/Concerns/RoutesRequests.php:160
PHP message: PHP   7. Laravel\Lumen\Application->sendThroughPipeline() /var/www/html/api/vendor/laravel/lumen-framework/src/Concerns/RoutesRequests.php:256
PHP message: PHP   8. Laravel\Lumen\Routing\Pipeline->then() /var/www/html/api/vendor/laravel/lumen-framework/src/Concerns/RoutesRequests.php:410
PHP message: PHP   9. Laravel\Lumen\Routing\Pipeline->Laravel\Lumen\Routing\{closure}() /var/www/html/api/vendor/illuminate/pipeline/Pipeline.php:102
PHP message: PHP  10. call_user_func:{/var/www/html/api/vendor/laravel/lumen-framework/src/Routing/Pipeline.php:32}() /var/www/html/api/vendor/laravel/lumen-framework/src/Routing/Pipeline.php:32
PHP message: PHP  11. Laravel\Lumen\Routing\Pipeline->Illuminate\Pipeline\{closure}() /var/www/html/api/vendor/laravel/lumen-framework/src/Routing/Pipeline.php:32
PHP message: PHP  12. App\Http\Middleware\Authenticate->handle() /var/www/html/api/vendor/illuminate/pipeline/Pipeline.php:149
PHP message: PHP  13. Laravel\Lumen\Routing\Pipeline->Laravel\Lumen\Rou
2017/12/27 18:00:47 [error] 10#10: *326 FastCGI sent in stderr: "PHP message: PHP Warning:  Uncaught ErrorException: require(App\Publishers\AtualizaPagamentoPublisher): failed to open stream: No such file or directory in /var/www/html/api/app/Http/Controllers/AtualizaPagamentoController.php:4
Stack trace:
#0 /var/www/html/api/app/Http/Controllers/AtualizaPagamentoController.php(4): Laravel\Lumen\Application->Laravel\Lumen\Concerns\{closure}(2, 'require(App\\Pub...', '/var/www/html/a...', 4, Array)
#1 /var/www/html/api/app/Http/Controllers/AtualizaPagamentoController.php(4): require()
#2 /var/www/html/api/vendor/composer/ClassLoader.php(444): include('/var/www/html/a...')
#3 /var/www/html/api/vendor/composer/ClassLoader.php(322): Composer\Autoload\includeFile('/var/www/html/a...')
#4 [internal function]: Composer\Autoload\ClassLoader->loadClass('App\\Http\\Contro...')
#5 [internal function]: spl_autoload_call('App\\Http\\Contro...')
#6 /var/www/html/api/vendor/illuminate/container/Container.php(752): ReflectionClass->__construct('App\\Http\\Contro...')
#7 /var/www/html/...
PHP message: PHP Stack trace:
PHP message: PHP   1. {main}() /var/www/html/api/public/index.php:0
PHP message: PHP   2. Laravel\Lumen\Application->run() /var/www/html/api/public/index.php:28
PHP message: PHP   3. Laravel\Lumen\Application->dispatch() /var/www/html/api/vendor/laravel/lumen-framework/src/Concerns/RoutesRequests.php:107
PHP message: PHP   4. Laravel\Lumen\Application->sendThroughPipeline() /var/www/html/api/vendor/laravel/lumen-framework/src/Concerns/RoutesRequests.php:166
PHP message: PHP   5. Laravel\Lumen\Application->Laravel\Lumen\Concerns\{closure}() /var/www/html/api/vendor/laravel/lumen-framework/src/Concerns/RoutesRequests.php:413
PHP message: PHP   6. Laravel\Lumen\Application->handleFoundRoute() /var/www/html/api/vendor/laravel/lumen-framework/src/Concerns/RoutesRequests.php:160
PHP message: PHP   7. Laravel\Lumen\Application->sendThroughPipeline() /var/www/html/api/vendor/laravel/lumen-framework/src/Concerns/RoutesReque
2017/12/27 18:00:47 [error] 10#10: *326 FastCGI sent in stderr: "PHP message: PHP Fatal error:  main(): Failed opening required 'App\Publishers\AtualizaPagamentoPublisher' (include_path='.:/usr/share/php') in /var/www" while reading upstream, client: 172.30.0.1, server: app, request: "POST /v1/rac/async/atualiza-pagamento-boleto HTTP/1.1", upstream: "fastcgi://unix:/var/run/php/php7.1-fpm.sock:", host: "localhost:8088"
2017/12/27 18:00:47 [error] 10#10: *326 FastCGI sent in stderr: "/html/api/app/Http/Controllers/AtualizaPagamentoController.php on line 4
PHP message: PHP Stack trace:
PHP message: PHP   1. {main}() /var/www/html/api/public/index.php:0
PHP message: PHP   2. Laravel\Lumen\Application->run() /var/www/html/api/public/index.php:28
PHP message: PHP   3. Laravel\Lumen\Application->dispatch() /var/www/html/api/vendor/laravel/lumen-framework/src/Concerns/RoutesRequests.php:107
PHP message: PHP   4. Laravel\Lumen\Application->sendThroughPipeline() /var/www/html/api/vendor/laravel/lumen-framework/src/Concerns/RoutesRequests.php:166
PHP message: PHP   5. Laravel\Lumen\Application->Laravel\Lumen\Concerns\{closure}() /var/www/html/api/vendor/laravel/lumen-framework/src/Concerns/RoutesRequests.php:413
PHP message: PHP   6. Laravel\Lumen\Application->handleFoundRoute() /var/www/html/api/vendor/laravel/lumen-framework/src/Concerns/RoutesRequests.php:160
PHP message: PHP   7. Laravel\Lumen\Application->sendThroughPipeline() /var/www/html/api/vendor/laravel/lumen-framework/src/Concerns/RoutesRequests.php:256
PHP message: PHP   8. Laravel\Lumen\Routing\Pipeline->then() /var/www/html/api/vendor/laravel/lumen-framework/src/Concerns/RoutesRequests.php:410
PHP message: PHP   9. Laravel\Lumen\Routing\Pipeline->Laravel\Lumen\Routing\{closure}() /var/www/html/api/vendor/illuminate/pipeline/Pipeline.php:102
PHP message: PHP  10. call_user_func:{/var/www/html/api/vendor/laravel/lumen-framework/src/Routing/Pipeline.php:32}() /var/www/html/api/vendor/laravel/lumen-framework/src/Routing/Pipeline.php:32
PHP message: PHP  11. Laravel\Lumen\Routing\Pipeline->Illuminate\Pipeline\{closure}() /var/www/html/api/vendor/laravel/lumen-framework/src/Routing/Pipeline.php:32
PHP message: PHP  12. App\Http\Middleware\Authenticate->handle() /var/www/html/api/vendor/illuminate/pipeline/Pipeline.php:149
PHP message: PHP  13. Laravel\Lumen\Routing\Pipeline->Laravel\Lumen\Routing\{closure}() /var/www/html/api/app/Http/Middleware/Authenticate.php:48
PHP message:
2017/12/27 18:04:57 [error] 10#10: *332 FastCGI sent in stderr: "PHP message: PHP Fatal error:  Class App\Publishers\AtualizaPagamentoPublisher contains 1 abstract method and must therefore be declared abstract or implement the remaining methods (App\Publishers\AbstractPublisher::fetch) in /var/www/html/api/app/Publishers/AtualizaPagamentoPublisher.php on line 11
PHP message: PHP Stack trace:
PHP message: PHP   1. {main}() /var/www/html/api/public/index.php:0
PHP message: PHP   2. Laravel\Lumen\Application->run() /var/www/html/api/public/index.php:28
PHP message: PHP   3. Laravel\Lumen\Application->dispatch() /var/www/html/api/vendor/laravel/lumen-framework/src/Concerns/RoutesRequests.php:107
PHP message: PHP   4. Laravel\Lumen\Application->sendThroughPipeline() /var/www/html/api/vendor/laravel/lumen-framework/src/Concerns/RoutesRequests.php:166
PHP message: PHP   5. Laravel\Lumen\Application->Laravel\Lumen\Concerns\{closure}() /var/www/html/api/vendor/laravel/lumen-framework/src/Concerns/RoutesRequests.php:413
PHP message: PHP   6. Laravel\Lumen\Application->handleFoundRoute() /var/www/html/api/vendor/laravel/lumen-framework/src/Concerns/RoutesRequests.php:160
PHP message: PHP   7. Laravel\Lumen\Application->sendThroughPipeline() /var/www/html/api/vendor/laravel/lumen-framework/src/Concerns/RoutesRequests.php:256
PHP message: PHP   8. Laravel\Lumen\Routing\Pipeline->then() /var/www/html/api/vendor/laravel/lumen-framework/src/Concerns/RoutesRequests.php:410
PHP message: PHP   9. Laravel\Lumen\Routing\Pipeline->Laravel\Lumen\Routing\{closure}() /var/www/html/api/vendor/illuminate/pipeline/Pipeline.php:102
PHP message: PHP  10. call_user_func:{/var/www/html/api/vendor/laravel/lumen-framework/src/Routing/Pipeline.php:32}() /var/www/html/api/vendor/laravel/lumen-framework/src/Routing/Pipeline.php:32
PHP message: PHP  11. Laravel\Lumen\Routing\Pipeline->Illuminate\Pipeline\{closure}() /var/www/html/api/vendor/laravel/lumen-framework/src/Routing/Pipeline.php:32
PHP message: PHP  12. App\Http\Middleware\Authenticate->h
2017/12/27 18:11:43 [error] 10#10: *335 FastCGI sent in stderr: "PHP message: PHP Fatal error:  Class App\Publishers\AtualizaPagamentoPublisher contains 1 abstract method and must therefore be declared abstract or implement the remaining methods (App\Publishers\AbstractPublisher::fetch) in /var/www/html/api/app/Publishers/AtualizaPagamentoPublisher.php on line 11
PHP message: PHP Stack trace:
PHP message: PHP   1. {main}() /var/www/html/api/public/index.php:0
PHP message: PHP   2. Laravel\Lumen\Application->run() /var/www/html/api/public/index.php:28
PHP message: PHP   3. Laravel\Lumen\Application->dispatch() /var/www/html/api/vendor/laravel/lumen-framework/src/Concerns/RoutesRequests.php:107
PHP message: PHP   4. Laravel\Lumen\Application->sendThroughPipeline() /var/www/html/api/vendor/laravel/lumen-framework/src/Concerns/RoutesRequests.php:166
PHP message: PHP   5. Laravel\Lumen\Application->Laravel\Lumen\Concerns\{closure}() /var/www/html/api/vendor/laravel/lumen-framework/src/Concerns/RoutesRequests.php:413
PHP message: PHP   6. Laravel\Lumen\Application->handleFoundRoute() /var/www/html/api/vendor/laravel/lumen-framework/src/Concerns/RoutesRequests.php:160
PHP message: PHP   7. Laravel\Lumen\Application->sendThroughPipeline() /var/www/html/api/vendor/laravel/lumen-framework/src/Concerns/RoutesRequests.php:256
PHP message: PHP   8. Laravel\Lumen\Routing\Pipeline->then() /var/www/html/api/vendor/laravel/lumen-framework/src/Concerns/RoutesRequests.php:410
PHP message: PHP   9. Laravel\Lumen\Routing\Pipeline->Laravel\Lumen\Routing\{closure}() /var/www/html/api/vendor/illuminate/pipeline/Pipeline.php:102
PHP message: PHP  10. call_user_func:{/var/www/html/api/vendor/laravel/lumen-framework/src/Routing/Pipeline.php:32}() /var/www/html/api/vendor/laravel/lumen-framework/src/Routing/Pipeline.php:32
PHP message: PHP  11. Laravel\Lumen\Routing\Pipeline->Illuminate\Pipeline\{closure}() /var/www/html/api/vendor/laravel/lumen-framework/src/Routing/Pipeline.php:32
PHP message: PHP  12. App\Http\Middleware\Authenticate->h
2017/12/27 18:11:59 [error] 10#10: *335 FastCGI sent in stderr: "PHP message: PHP Fatal error:  Class App\Publishers\AtualizaPagamentoPublisher contains 1 abstract method and must therefore be declared abstract or implement the remaining methods (App\Publishers\AbstractPublisher::fetch) in /var/www/html/api/app/Publishers/AtualizaPagamentoPublisher.php on line 11
PHP message: PHP Stack trace:
PHP message: PHP   1. {main}() /var/www/html/api/public/index.php:0
PHP message: PHP   2. Laravel\Lumen\Application->run() /var/www/html/api/public/index.php:28
PHP message: PHP   3. Laravel\Lumen\Application->dispatch() /var/www/html/api/vendor/laravel/lumen-framework/src/Concerns/RoutesRequests.php:107
PHP message: PHP   4. Laravel\Lumen\Application->sendThroughPipeline() /var/www/html/api/vendor/laravel/lumen-framework/src/Concerns/RoutesRequests.php:166
PHP message: PHP   5. Laravel\Lumen\Application->Laravel\Lumen\Concerns\{closure}() /var/www/html/api/vendor/laravel/lumen-framework/src/Concerns/RoutesRequests.php:413
PHP message: PHP   6. Laravel\Lumen\Application->handleFoundRoute() /var/www/html/api/vendor/laravel/lumen-framework/src/Concerns/RoutesRequests.php:160
PHP message: PHP   7. Laravel\Lumen\Application->sendThroughPipeline() /var/www/html/api/vendor/laravel/lumen-framework/src/Concerns/RoutesRequests.php:256
PHP message: PHP   8. Laravel\Lumen\Routing\Pipeline->then() /var/www/html/api/vendor/laravel/lumen-framework/src/Concerns/RoutesRequests.php:410
PHP message: PHP   9. Laravel\Lumen\Routing\Pipeline->Laravel\Lumen\Routing\{closure}() /var/www/html/api/vendor/illuminate/pipeline/Pipeline.php:102
PHP message: PHP  10. call_user_func:{/var/www/html/api/vendor/laravel/lumen-framework/src/Routing/Pipeline.php:32}() /var/www/html/api/vendor/laravel/lumen-framework/src/Routing/Pipeline.php:32
PHP message: PHP  11. Laravel\Lumen\Routing\Pipeline->Illuminate\Pipeline\{closure}() /var/www/html/api/vendor/laravel/lumen-framework/src/Routing/Pipeline.php:32
PHP message: PHP  12. App\Http\Middleware\Authenticate->h
2017/12/27 18:13:46 [error] 10#10: *335 FastCGI sent in stderr: "PHP message: PHP Fatal error:  Class App\Publishers\AtualizaPagamentoPublisher contains 1 abstract method and must therefore be declared abstract or implement the remaining methods (App\Publishers\AbstractPublisher::fetch) in /var/www/html/api/app/Publishers/AtualizaPagamentoPublisher.php on line 11
PHP message: PHP Stack trace:
PHP message: PHP   1. {main}() /var/www/html/api/public/index.php:0
PHP message: PHP   2. Laravel\Lumen\Application->run() /var/www/html/api/public/index.php:28
PHP message: PHP   3. Laravel\Lumen\Application->dispatch() /var/www/html/api/vendor/laravel/lumen-framework/src/Concerns/RoutesRequests.php:107
PHP message: PHP   4. Laravel\Lumen\Application->sendThroughPipeline() /var/www/html/api/vendor/laravel/lumen-framework/src/Concerns/RoutesRequests.php:166
PHP message: PHP   5. Laravel\Lumen\Application->Laravel\Lumen\Concerns\{closure}() /var/www/html/api/vendor/laravel/lumen-framework/src/Concerns/RoutesRequests.php:413
PHP message: PHP   6. Laravel\Lumen\Application->handleFoundRoute() /var/www/html/api/vendor/laravel/lumen-framework/src/Concerns/RoutesRequests.php:160
PHP message: PHP   7. Laravel\Lumen\Application->sendThroughPipeline() /var/www/html/api/vendor/laravel/lumen-framework/src/Concerns/RoutesRequests.php:256
PHP message: PHP   8. Laravel\Lumen\Routing\Pipeline->then() /var/www/html/api/vendor/laravel/lumen-framework/src/Concerns/RoutesRequests.php:410
PHP message: PHP   9. Laravel\Lumen\Routing\Pipeline->Laravel\Lumen\Routing\{closure}() /var/www/html/api/vendor/illuminate/pipeline/Pipeline.php:102
PHP message: PHP  10. call_user_func:{/var/www/html/api/vendor/laravel/lumen-framework/src/Routing/Pipeline.php:32}() /var/www/html/api/vendor/laravel/lumen-framework/src/Routing/Pipeline.php:32
PHP message: PHP  11. Laravel\Lumen\Routing\Pipeline->Illuminate\Pipeline\{closure}() /var/www/html/api/vendor/laravel/lumen-framework/src/Routing/Pipeline.php:32
PHP message: PHP  12. App\Http\Middleware\Authenticate->h
2017/12/27 18:14:38 [error] 10#10: *335 FastCGI sent in stderr: "PHP message: PHP Fatal error:  Multiple access type modifiers are not allowed in /var/www/html/api/app/Publishers/AbstractPublisher.php on line 31
PHP message: PHP Stack trace:
PHP message: PHP   1. {main}() /var/www/html/api/public/index.php:0
PHP message: PHP   2. Laravel\Lumen\Application->run() /var/www/html/api/public/index.php:28
PHP message: PHP   3. Laravel\Lumen\Application->dispatch() /var/www/html/api/vendor/laravel/lumen-framework/src/Concerns/RoutesRequests.php:107
PHP message: PHP   4. Laravel\Lumen\Application->sendThroughPipeline() /var/www/html/api/vendor/laravel/lumen-framework/src/Concerns/RoutesRequests.php:166
PHP message: PHP   5. Laravel\Lumen\Application->Laravel\Lumen\Concerns\{closure}() /var/www/html/api/vendor/laravel/lumen-framework/src/Concerns/RoutesRequests.php:413
PHP message: PHP   6. Laravel\Lumen\Application->handleFoundRoute() /var/www/html/api/vendor/laravel/lumen-framework/src/Concerns/RoutesRequests.php:160
PHP message: PHP   7. Laravel\Lumen\Application->sendThroughPipeline() /var/www/html/api/vendor/laravel/lumen-framework/src/Concerns/RoutesRequests.php:256
PHP message: PHP   8. Laravel\Lumen\Routing\Pipeline->then() /var/www/html/api/vendor/laravel/lumen-framework/src/Concerns/RoutesRequests.php:410
PHP message: PHP   9. Laravel\Lumen\Routing\Pipeline->Laravel\Lumen\Routing\{closure}() /var/www/html/api/vendor/illuminate/pipeline/Pipeline.php:102
PHP message: PHP  10. call_user_func:{/var/www/html/api/vendor/laravel/lumen-framework/src/Routing/Pipeline.php:32}() /var/www/html/api/vendor/laravel/lumen-framework/src/Routing/Pipeline.php:32
PHP message: PHP  11. Laravel\Lumen\Routing\Pipeline->Illuminate\Pipeline\{closure}() /var/www/html/api/vendor/laravel/lumen-framework/src/Routing/Pipeline.php:32
PHP message: PHP  12. App\Http\Middleware\Authenticate->handle() /var/www/html/api/vendor/illuminate/pipeline/Pipeline.php:149
PHP message: PHP  13. Laravel\Lumen\Routing\Pipeline->Laravel\Lumen\Routing\{closure
2017/12/27 18:15:36 [error] 10#10: *335 FastCGI sent in stderr: "PHP message: PHP Fatal error:  Class App\Publishers\AtualizaPagamentoPublisher contains 1 abstract method and must therefore be declared abstract or implement the remaining methods (App\Publishers\AbstractPublisher::fetch) in /var/www/html/api/app/Publishers/AtualizaPagamentoPublisher.php on line 11
PHP message: PHP Stack trace:
PHP message: PHP   1. {main}() /var/www/html/api/public/index.php:0
PHP message: PHP   2. Laravel\Lumen\Application->run() /var/www/html/api/public/index.php:28
PHP message: PHP   3. Laravel\Lumen\Application->dispatch() /var/www/html/api/vendor/laravel/lumen-framework/src/Concerns/RoutesRequests.php:107
PHP message: PHP   4. Laravel\Lumen\Application->sendThroughPipeline() /var/www/html/api/vendor/laravel/lumen-framework/src/Concerns/RoutesRequests.php:166
PHP message: PHP   5. Laravel\Lumen\Application->Laravel\Lumen\Concerns\{closure}() /var/www/html/api/vendor/laravel/lumen-framework/src/Concerns/RoutesRequests.php:413
PHP message: PHP   6. Laravel\Lumen\Application->handleFoundRoute() /var/www/html/api/vendor/laravel/lumen-framework/src/Concerns/RoutesRequests.php:160
PHP message: PHP   7. Laravel\Lumen\Application->sendThroughPipeline() /var/www/html/api/vendor/laravel/lumen-framework/src/Concerns/RoutesRequests.php:256
PHP message: PHP   8. Laravel\Lumen\Routing\Pipeline->then() /var/www/html/api/vendor/laravel/lumen-framework/src/Concerns/RoutesRequests.php:410
PHP message: PHP   9. Laravel\Lumen\Routing\Pipeline->Laravel\Lumen\Routing\{closure}() /var/www/html/api/vendor/illuminate/pipeline/Pipeline.php:102
PHP message: PHP  10. call_user_func:{/var/www/html/api/vendor/laravel/lumen-framework/src/Routing/Pipeline.php:32}() /var/www/html/api/vendor/laravel/lumen-framework/src/Routing/Pipeline.php:32
PHP message: PHP  11. Laravel\Lumen\Routing\Pipeline->Illuminate\Pipeline\{closure}() /var/www/html/api/vendor/laravel/lumen-framework/src/Routing/Pipeline.php:32
PHP message: PHP  12. App\Http\Middleware\Authenticate->h
2017/12/27 18:26:41 [error] 10#10: *346 FastCGI sent in stderr: "PHP message: PHP Fatal error:  Cannot use App\Requests\AtualizaPagamentoRule as AtualizaPagamentoRule because the name is already in use in /var/www/html/api/app/Consumers/AtualizaPagamentoConsumer.php on line 10
PHP message: PHP Stack trace:
PHP message: PHP   1. {main}() /var/www/html/api/public/index.php:0
PHP message: PHP   2. Laravel\Lumen\Application->run() /var/www/html/api/public/index.php:28
PHP message: PHP   3. Laravel\Lumen\Application->dispatch() /var/www/html/api/vendor/laravel/lumen-framework/src/Concerns/RoutesRequests.php:107
PHP message: PHP   4. Laravel\Lumen\Application->sendThroughPipeline() /var/www/html/api/vendor/laravel/lumen-framework/src/Concerns/RoutesRequests.php:166
PHP message: PHP   5. Laravel\Lumen\Application->Laravel\Lumen\Concerns\{closure}() /var/www/html/api/vendor/laravel/lumen-framework/src/Concerns/RoutesRequests.php:413
PHP message: PHP   6. Laravel\Lumen\Application->handleFoundRoute() /var/www/html/api/vendor/laravel/lumen-framework/src/Concerns/RoutesRequests.php:160
PHP message: PHP   7. Laravel\Lumen\Application->sendThroughPipeline() /var/www/html/api/vendor/laravel/lumen-framework/src/Concerns/RoutesRequests.php:256
PHP message: PHP   8. Laravel\Lumen\Routing\Pipeline->then() /var/www/html/api/vendor/laravel/lumen-framework/src/Concerns/RoutesRequests.php:410
PHP message: PHP   9. Laravel\Lumen\Routing\Pipeline->Laravel\Lumen\Routing\{closure}() /var/www/html/api/vendor/illuminate/pipeline/Pipeline.php:102
PHP message: PHP  10. call_user_func:{/var/www/html/api/vendor/laravel/lumen-framework/src/Routing/Pipeline.php:32}() /var/www/html/api/vendor/laravel/lumen-framework/src/Routing/Pipeline.php:32
PHP message: PHP  11. Laravel\Lumen\Routing\Pipeline->Illuminate\Pipeline\{closure}() /var/www/html/api/vendor/laravel/lumen-framework/src/Routing/Pipeline.php:32
PHP message: PHP  12. App\Http\Middleware\Authenticate->handle() /var/www/html/api/vendor/illuminate/pipeline/Pipeline.php:149
PHP message: PHP  
2018/01/05 17:13:01 [error] 11#11: *50 upstream timed out (110: Connection timed out) while reading response header from upstream, client: 172.30.0.1, server: app, request: "POST /v1/rac/async/atualiza-caixa HTTP/1.1", upstream: "fastcgi://unix:/var/run/php/php7.1-fpm.sock", host: "localhost:8088"
2018/01/09 15:51:07 [error] 11#11: *20 FastCGI sent in stderr: "PHP message: PHP Fatal error:  Cannot use App\Models\ModelOrdemServico as ModelOrdemServico because the name is already in use in /var/www/html/api/app/Publishers/Rac/OrdemServicoPublisher.php on line 13
PHP message: PHP Stack trace:
PHP message: PHP   1. {main}() /var/www/html/api/public/index.php:0
PHP message: PHP   2. Laravel\Lumen\Application->run() /var/www/html/api/public/index.php:28
PHP message: PHP   3. Laravel\Lumen\Application->dispatch() /var/www/html/api/vendor/laravel/lumen-framework/src/Concerns/RoutesRequests.php:107
PHP message: PHP   4. Laravel\Lumen\Application->sendThroughPipeline() /var/www/html/api/vendor/laravel/lumen-framework/src/Concerns/RoutesRequests.php:166
PHP message: PHP   5. Laravel\Lumen\Application->Laravel\Lumen\Concerns\{closure}() /var/www/html/api/vendor/laravel/lumen-framework/src/Concerns/RoutesRequests.php:413
PHP message: PHP   6. Laravel\Lumen\Application->handleFoundRoute() /var/www/html/api/vendor/laravel/lumen-framework/src/Concerns/RoutesRequests.php:160
PHP message: PHP   7. Laravel\Lumen\Application->sendThroughPipeline() /var/www/html/api/vendor/laravel/lumen-framework/src/Concerns/RoutesRequests.php:256
PHP message: PHP   8. Laravel\Lumen\Routing\Pipeline->then() /var/www/html/api/vendor/laravel/lumen-framework/src/Concerns/RoutesRequests.php:410
PHP message: PHP   9. Laravel\Lumen\Routing\Pipeline->Laravel\Lumen\Routing\{closure}() /var/www/html/api/vendor/illuminate/pipeline/Pipeline.php:102
PHP message: PHP  10. call_user_func:{/var/www/html/api/vendor/laravel/lumen-framework/src/Routing/Pipeline.php:32}() /var/www/html/api/vendor/laravel/lumen-framework/src/Routing/Pipeline.php:32
PHP message: PHP  11. Laravel\Lumen\Routing\Pipeline->Illuminate\Pipeline\{closure}() /var/www/html/api/vendor/laravel/lumen-framework/src/Routing/Pipeline.php:32
PHP message: PHP  12. App\Http\Middleware\Authenticate->handle() /var/www/html/api/vendor/illuminate/pipeline/Pipeline.php:149
PHP message: PHP  13. Larave
2018/01/17 14:41:51 [error] 10#10: *3 FastCGI sent in stderr: "PHP message: PHP Warning:  require_once(/var/www/html/api/bootstrap/../vendor/autoload.php): failed to open stream: No such file or directory in /var/www/html/api/bootstrap/app.php on line 3
PHP message: PHP Stack trace:
PHP message: PHP   1. {main}() /var/www/html/api/public/index.php:0
PHP message: PHP   2. require() /var/www/html/api/public/index.php:14
PHP message: PHP Fatal error:  require_once(): Failed opening required '/var/www/html/api/bootstrap/../vendor/autoload.php' (include_path='.:/usr/share/php') in /var/www/html/api/bootstrap/app.php on line 3
PHP message: PHP Stack trace:
PHP message: PHP   1. {main}() /var/www/html/api/public/index.php:0
PHP message: PHP   2. require() /var/www/html/api/public/index.php:14" while reading response header from upstream, client: 172.30.0.1, server: app, request: "POST /v1/auth/login HTTP/1.1", upstream: "fastcgi://unix:/var/run/php/php7.1-fpm.sock:", host: "localhost:8088"
2018/01/17 14:55:49 [error] 10#10: *5 FastCGI sent in stderr: "PHP message: PHP Warning:  require_once(/var/www/html/api/bootstrap/../vendor/autoload.php): failed to open stream: No such file or directory in /var/www/html/api/bootstrap/app.php on line 3
PHP message: PHP Stack trace:
PHP message: PHP   1. {main}() /var/www/html/api/public/index.php:0
PHP message: PHP   2. require() /var/www/html/api/public/index.php:14
PHP message: PHP Fatal error:  require_once(): Failed opening required '/var/www/html/api/bootstrap/../vendor/autoload.php' (include_path='.:/usr/share/php') in /var/www/html/api/bootstrap/app.php on line 3
PHP message: PHP Stack trace:
PHP message: PHP   1. {main}() /var/www/html/api/public/index.php:0
PHP message: PHP   2. require() /var/www/html/api/public/index.php:14" while reading response header from upstream, client: 172.30.0.1, server: app, request: "POST /v1/auth/login HTTP/1.1", upstream: "fastcgi://unix:/var/run/php/php7.1-fpm.sock:", host: "localhost:8088"
