[20-Dec-2017 12:36:53] NOTICE: fpm is running, pid 9
[20-Dec-2017 12:36:53] NOTICE: ready to handle connections
[20-Dec-2017 12:36:53] NOTICE: systemd monitor interval set to 10000ms
[20-Dec-2017 12:37:09] WARNING: [pool www] child 11 said into stderr: "ERROR: Unable to open primary script: /var/www/html/api/public/index.php (No such file or directory)"
[20-Dec-2017 12:37:19] NOTICE: Terminating ...
[20-Dec-2017 12:37:19] NOTICE: exiting, bye-bye!
[20-Dec-2017 13:13:44] NOTICE: fpm is running, pid 9
[20-Dec-2017 13:13:44] NOTICE: ready to handle connections
[20-Dec-2017 13:13:44] NOTICE: systemd monitor interval set to 10000ms
[20-Dec-2017 13:14:33] WARNING: [pool www] child 11 said into stderr: "ERROR: Unable to open primary script: /var/www/html/api/public/index.php (No such file or directory)"
[20-Dec-2017 13:16:24] WARNING: [pool www] child 12 said into stderr: "ERROR: Unable to open primary script: /var/www/html/api/public/index.php (No such file or directory)"
[20-Dec-2017 13:16:26] WARNING: [pool www] child 11 said into stderr: "ERROR: Unable to open primary script: /var/www/html/api/public/index.php (No such file or directory)"
[20-Dec-2017 13:16:29] WARNING: [pool www] child 12 said into stderr: "ERROR: Unable to open primary script: /var/www/html/api/public/index.php (No such file or directory)"
[20-Dec-2017 13:16:30] WARNING: [pool www] child 11 said into stderr: "ERROR: Unable to open primary script: /var/www/html/api/public/index.php (No such file or directory)"
[20-Dec-2017 13:16:31] WARNING: [pool www] child 12 said into stderr: "ERROR: Unable to open primary script: /var/www/html/api/public/index.php (No such file or directory)"
[20-Dec-2017 13:16:56] NOTICE: Terminating ...
[20-Dec-2017 13:16:56] NOTICE: exiting, bye-bye!
[20-Dec-2017 13:17:17] NOTICE: fpm is running, pid 9
[20-Dec-2017 13:17:17] NOTICE: ready to handle connections
[20-Dec-2017 13:17:17] NOTICE: systemd monitor interval set to 10000ms
[20-Dec-2017 13:17:21] WARNING: [pool www] child 11 said into stderr: "ERROR: Unable to open primary script: /var/www/html/api/public/index.php (No such file or directory)"
[20-Dec-2017 16:34:30] NOTICE: Terminating ...
[20-Dec-2017 16:34:30] NOTICE: exiting, bye-bye!
[21-Dec-2017 12:05:24] NOTICE: fpm is running, pid 9
[21-Dec-2017 12:05:24] NOTICE: ready to handle connections
[21-Dec-2017 12:05:24] NOTICE: systemd monitor interval set to 10000ms
[21-Dec-2017 12:44:12] NOTICE: Terminating ...
[21-Dec-2017 12:44:12] NOTICE: exiting, bye-bye!
[21-Dec-2017 12:44:18] NOTICE: fpm is running, pid 9
[21-Dec-2017 12:44:18] NOTICE: ready to handle connections
[21-Dec-2017 12:44:18] NOTICE: systemd monitor interval set to 10000ms
[26-Dec-2017 18:47:47] WARNING: [pool www] child 12 said into stderr: "NOTICE: PHP message: PHP Fatal error:  Namespace declaration statement has to be the very first statement or after any declare call in the script in /var/www/html/api/app/Http/Controllers/AtualizaPagamentoController.php on line 3"
[26-Dec-2017 18:47:47] WARNING: [pool www] child 12 said into stderr: "NOTICE: PHP message: PHP Stack trace:"
[26-Dec-2017 18:47:47] WARNING: [pool www] child 12 said into stderr: "NOTICE: PHP message: PHP   1. {main}() /var/www/html/api/public/index.php:0"
[26-Dec-2017 18:47:47] WARNING: [pool www] child 12 said into stderr: "NOTICE: PHP message: PHP   2. Laravel\Lumen\Application->run() /var/www/html/api/public/index.php:28"
[26-Dec-2017 18:47:47] WARNING: [pool www] child 12 said into stderr: "NOTICE: PHP message: PHP   3. Laravel\Lumen\Application->dispatch() /var/www/html/api/vendor/laravel/lumen-framework/src/Concerns/RoutesRequests.php:107"
[26-Dec-2017 18:47:47] WARNING: [pool www] child 12 said into stderr: "NOTICE: PHP message: PHP   4. Laravel\Lumen\Application->sendThroughPipeline() /var/www/html/api/vendor/laravel/lumen-framework/src/Concerns/RoutesRequests.php:166"
[26-Dec-2017 18:47:47] WARNING: [pool www] child 12 said into stderr: "NOTICE: PHP message: PHP   5. Laravel\Lumen\Application->Laravel\Lumen\Concerns\{closure}() /var/www/html/api/vendor/laravel/lumen-framework/src/Concerns/RoutesRequests.php:413"
[26-Dec-2017 18:47:47] WARNING: [pool www] child 12 said into stderr: "NOTICE: PHP message: PHP   6. Laravel\Lumen\Application->handleFoundRoute() /var/www/html/api/vendor/laravel/lumen-framework/src/Concerns/RoutesRequests.php:160"
[26-Dec-2017 18:47:47] WARNING: [pool www] child 12 said into stderr: "NOTICE: PHP message: PHP   7. Laravel\Lumen\Application->sendThroughPipeline() /var/www/html/api/vendor/laravel/lumen-framework/src/Concerns/RoutesRequests.php:256"
[26-Dec-2017 18:47:47] WARNING: [pool www] child 12 said into stderr: "NOTICE: PHP message: PHP   8. Laravel\Lumen\Routing\Pipeline->then() /var/www/html/api/vendor/laravel/lumen-framework/src/Concerns/RoutesRequests.php:410"
[26-Dec-2017 18:47:47] WARNING: [pool www] child 12 said into stderr: "NOTICE: PHP message: PHP   9. Laravel\Lumen\Routing\Pipeline->Laravel\Lumen\Routing\{closure}() /var/www/html/api/vendor/illuminate/pipeline/Pipeline.php:102"
[26-Dec-2017 18:47:47] WARNING: [pool www] child 12 said into stderr: "NOTICE: PHP message: PHP  10. call_user_func:{/var/www/html/api/vendor/laravel/lumen-framework/src/Routing/Pipeline.php:32}() /var/www/html/api/vendor/laravel/lumen-framework/src/Routing/Pipeline.php:32"
[26-Dec-2017 18:47:47] WARNING: [pool www] child 12 said into stderr: "NOTICE: PHP message: PHP  11. Laravel\Lumen\Routing\Pipeline->Illuminate\Pipeline\{closure}() /var/www/html/api/vendor/laravel/lumen-framework/src/Routing/Pipeline.php:32"
[26-Dec-2017 18:47:47] WARNING: [pool www] child 12 said into stderr: "NOTICE: PHP message: PHP  12. App\Http\Middleware\Authenticate->handle() /var/www/html/api/vendor/illuminate/pipeline/Pipeline.php:149"
[26-Dec-2017 18:47:47] WARNING: [pool www] child 12 said into stderr: "NOTICE: PHP message: PHP  13. Laravel\Lumen\Routing\Pipeline->Laravel\Lumen\Routing\{closure}() /var/www/html/api/app/Http/Middleware/Authenticate.php:48"
[26-Dec-2017 18:47:47] WARNING: [pool www] child 12 said into stderr: "NOTICE: PHP message: PHP  14. call_user_func:{/var/www/html/api/vendor/laravel/lumen-framework/src/Routing/Pipeline.php:52}() /var/www/html/api/vendor/laravel/lumen-framework/src/Routing/Pipeline.php:52"
[26-Dec-2017 18:47:47] WARNING: [pool www] child 12 said into stderr: "NOTICE: PHP message: PHP  15. Laravel\Lumen\Application->Laravel\Lumen\Concerns\{closure}() /var/www/html/api/vendor/laravel/lumen-framework/src/Routing/Pipeline.php:52"
[26-Dec-2017 18:47:47] WARNING: [pool www] child 12 said into stderr: "NOTICE: PHP message: PHP  16. Laravel\Lumen\Application->callActionOnArrayBasedRoute() /var/www/html/api/vendor/laravel/lumen-framework/src/Concerns/RoutesRequests.php:255"
[26-Dec-2017 18:47:47] WARNING: [pool www] child 12 said into stderr: "NOTICE: PHP message: PHP  17. Laravel\Lumen\Application->callControllerAction() /var/www/html/api/vendor/laravel/lumen-framework/src/Concerns/RoutesRequests.php:275"
[26-Dec-2017 18:47:47] WARNING: [pool www] child 12 said into stderr: "NOTICE: PHP message: PHP  18. Laravel\Lumen\Application->make() /var/www/html/api/vendor/laravel/lumen-framework/src/Concerns/RoutesRequests.php:308"
[26-Dec-2017 18:47:47] WARNING: [pool www] child 12 said into stderr: "NOTICE: PHP message: PHP  19. Laravel\Lumen\Application->make() /var/www/html/api/vendor/laravel/lumen-framework/src/Application.php:230"
[26-Dec-2017 18:47:47] WARNING: [pool www] child 12 said into stderr: "NOTICE: PHP message: PHP  20. Laravel\Lumen\Application->resolve() /var/www/html/api/vendor/illuminate/container/Container.php:586"
[26-Dec-2017 18:47:47] WARNING: [pool www] child 12 said into stderr: "NOTICE: PHP message: PHP  21. Laravel\Lumen\Application->build() /var/www/html/api/vendor/illuminate/container/Container.php:631"
[26-Dec-2017 18:47:47] WARNING: [pool www] child 12 said into stderr: "NOTICE: PHP message: PHP  22. ReflectionClass->__construct() /var/www/html/api/vendor/illuminate/container/Container.php:752"
[26-Dec-2017 18:47:47] WARNING: [pool www] child 12 said into stderr: "NOTICE: PHP message: PHP  23. spl_autoload_call() /var/www/html/api/vendor/illuminate/container/Container.php:752"
[26-Dec-2017 18:47:47] WARNING: [pool www] child 12 said into stderr: "NOTICE: PHP message: PHP  24. Composer\Autoload\ClassLoader->loadClass() /var/www/html/api/vendor/illuminate/container/Container.php:752"
[26-Dec-2017 18:47:47] WARNING: [pool www] child 12 said into stderr: "NOTICE: PHP message: PHP  25. Composer\Autoload\includeFile() /var/www/html/api/vendor/composer/ClassLoader.php:322"
[26-Dec-2017 18:57:33] WARNING: [pool www] child 11 said into stderr: "NOTICE: PHP message: PHP Warning:  The use statement with non-compound name 'Validator' has no effect in /var/www/html/api/app/Http/Controllers/AtualizaPagamentoController.php on line 5"
[26-Dec-2017 18:57:33] WARNING: [pool www] child 11 said into stderr: "NOTICE: PHP message: PHP Stack trace:"
[26-Dec-2017 18:57:33] WARNING: [pool www] child 11 said into stderr: "NOTICE: PHP message: PHP   1. {main}() /var/www/html/api/public/index.php:0"
[26-Dec-2017 18:57:33] WARNING: [pool www] child 11 said into stderr: "NOTICE: PHP message: PHP   2. Laravel\Lumen\Application->run() /var/www/html/api/public/index.php:28"
[26-Dec-2017 18:57:33] WARNING: [pool www] child 11 said into stderr: "NOTICE: PHP message: PHP   3. Laravel\Lumen\Application->dispatch() /var/www/html/api/vendor/laravel/lumen-framework/src/Concerns/RoutesRequests.php:107"
[26-Dec-2017 18:57:33] WARNING: [pool www] child 11 said into stderr: "NOTICE: PHP message: PHP   4. Laravel\Lumen\Application->sendThroughPipeline() /var/www/html/api/vendor/laravel/lumen-framework/src/Concerns/RoutesRequests.php:166"
[26-Dec-2017 18:57:33] WARNING: [pool www] child 11 said into stderr: "NOTICE: PHP message: PHP   5. Laravel\Lumen\Application->Laravel\Lumen\Concerns\{closure}() /var/www/html/api/vendor/laravel/lumen-framework/src/Concerns/RoutesRequests.php:413"
[26-Dec-2017 18:57:33] WARNING: [pool www] child 11 said into stderr: "NOTICE: PHP message: PHP   6. Laravel\Lumen\Application->handleFoundRoute() /var/www/html/api/vendor/laravel/lumen-framework/src/Concerns/RoutesRequests.php:160"
[26-Dec-2017 18:57:33] WARNING: [pool www] child 11 said into stderr: "NOTICE: PHP message: PHP   7. Laravel\Lumen\Application->sendThroughPipeline() /var/www/html/api/vendor/laravel/lumen-framework/src/Concerns/RoutesRequests.php:256"
[26-Dec-2017 18:57:33] WARNING: [pool www] child 11 said into stderr: "NOTICE: PHP message: PHP   8. Laravel\Lumen\Routing\Pipeline->then() /var/www/html/api/vendor/laravel/lumen-framework/src/Concerns/RoutesRequests.php:410"
[26-Dec-2017 18:57:33] WARNING: [pool www] child 11 said into stderr: "NOTICE: PHP message: PHP   9. Laravel\Lumen\Routing\Pipeline->Laravel\Lumen\Routing\{closure}() /var/www/html/api/vendor/illuminate/pipeline/Pipeline.php:102"
[26-Dec-2017 18:57:33] WARNING: [pool www] child 11 said into stderr: "NOTICE: PHP message: PHP  10. call_user_func:{/var/www/html/api/vendor/laravel/lumen-framework/src/Routing/Pipeline.php:32}() /var/www/html/api/vendor/laravel/lumen-framework/src/Routing/Pipeline.php:32"
[26-Dec-2017 18:57:33] WARNING: [pool www] child 11 said into stderr: "NOTICE: PHP message: PHP  11. Laravel\Lumen\Routing\Pipeline->Illuminate\Pipeline\{closure}() /var/www/html/api/vendor/laravel/lumen-framework/src/Routing/Pipeline.php:32"
[26-Dec-2017 18:57:33] WARNING: [pool www] child 11 said into stderr: "NOTICE: PHP message: PHP  12. App\Http\Middleware\Authenticate->handle() /var/www/html/api/vendor/illuminate/pipeline/Pipeline.php:149"
[26-Dec-2017 18:57:33] WARNING: [pool www] child 11 said into stderr: "NOTICE: PHP message: PHP  13. Laravel\Lumen\Routing\Pipeline->Laravel\Lumen\Routing\{closure}() /var/www/html/api/app/Http/Middleware/Authenticate.php:48"
[26-Dec-2017 18:57:33] WARNING: [pool www] child 11 said into stderr: "NOTICE: PHP message: PHP  14. call_user_func:{/var/www/html/api/vendor/laravel/lumen-framework/src/Routing/Pipeline.php:52}() /var/www/html/api/vendor/laravel/lumen-framework/src/Routing/Pipeline.php:52"
[26-Dec-2017 18:57:33] WARNING: [pool www] child 11 said into stderr: "NOTICE: PHP message: PHP  15. Laravel\Lumen\Application->Laravel\Lumen\Concerns\{closure}() /var/www/html/api/vendor/laravel/lumen-framework/src/Routing/Pipeline.php:52"
[26-Dec-2017 18:57:33] WARNING: [pool www] child 11 said into stderr: "NOTICE: PHP message: PHP  16. Laravel\Lumen\Application->callActionOnArrayBasedRoute() /var/www/html/api/vendor/laravel/lumen-framework/src/Concerns/RoutesRequests.php:255"
[26-Dec-2017 18:57:33] WARNING: [pool www] child 11 said into stderr: "NOTICE: PHP message: PHP  17. Laravel\Lumen\Application->callControllerAction() /var/www/html/api/vendor/laravel/lumen-framework/src/Concerns/RoutesRequests.php:275"
[26-Dec-2017 18:57:33] WARNING: [pool www] child 11 said into stderr: "NOTICE: PHP message: PHP  18. Laravel\Lumen\Application->make() /var/www/html/api/vendor/laravel/lumen-framework/src/Concerns/RoutesRequests.php:308"
[26-Dec-2017 18:57:33] WARNING: [pool www] child 11 said into stderr: "NOTICE: PHP message: PHP  19. Laravel\Lumen\Application->make() /var/www/html/api/vendor/laravel/lumen-framework/src/Application.php:230"
[26-Dec-2017 18:57:33] WARNING: [pool www] child 11 said into stderr: "NOTICE: PHP message: PHP  20. Laravel\Lumen\Application->resolve() /var/www/html/api/vendor/illuminate/container/Container.php:586"
[26-Dec-2017 18:57:33] WARNING: [pool www] child 11 said into stderr: "NOTICE: PHP message: PHP  21. Laravel\Lumen\Application->build() /var/www/html/api/vendor/illuminate/container/Container.php:631"
[26-Dec-2017 18:57:33] WARNING: [pool www] child 11 said into stderr: "NOTICE: PHP message: PHP  22. ReflectionClass->__construct() /var/www/html/api/vendor/illuminate/container/Container.php:752"
[26-Dec-2017 18:57:33] WARNING: [pool www] child 11 said into stderr: "NOTICE: PHP message: PHP  23. spl_autoload_call() /var/www/html/api/vendor/illuminate/container/Container.php:752"
[26-Dec-2017 18:57:33] WARNING: [pool www] child 11 said into stderr: "NOTICE: PHP message: PHP  24. Composer\Autoload\ClassLoader->loadClass() /var/www/html/api/vendor/illuminate/container/Container.php:752"
[26-Dec-2017 18:57:33] WARNING: [pool www] child 11 said into stderr: "NOTICE: PHP message: PHP  25. Composer\Autoload\includeFile() /var/www/html/api/vendor/composer/ClassLoader.php:322"
[27-Dec-2017 17:59:34] WARNING: [pool www] child 11 said into stderr: "NOTICE: PHP message: PHP Fatal error:  Class 'App\Publishers\Controller' not found in /var/www/html/api/app/Http/Controllers/AtualizaPagamentoController.php on line 11"
[27-Dec-2017 17:59:34] WARNING: [pool www] child 11 said into stderr: "NOTICE: PHP message: PHP Stack trace:"
[27-Dec-2017 17:59:34] WARNING: [pool www] child 11 said into stderr: "NOTICE: PHP message: PHP   1. {main}() /var/www/html/api/public/index.php:0"
[27-Dec-2017 17:59:34] WARNING: [pool www] child 11 said into stderr: "NOTICE: PHP message: PHP   2. Laravel\Lumen\Application->run() /var/www/html/api/public/index.php:28"
[27-Dec-2017 17:59:34] WARNING: [pool www] child 11 said into stderr: "NOTICE: PHP message: PHP   3. Laravel\Lumen\Application->dispatch() /var/www/html/api/vendor/laravel/lumen-framework/src/Concerns/RoutesRequests.php:107"
[27-Dec-2017 17:59:34] WARNING: [pool www] child 11 said into stderr: "NOTICE: PHP message: PHP   4. Laravel\Lumen\Application->sendThroughPipeline() /var/www/html/api/vendor/laravel/lumen-framework/src/Concerns/RoutesRequests.php:166"
[27-Dec-2017 17:59:34] WARNING: [pool www] child 11 said into stderr: "NOTICE: PHP message: PHP   5. Laravel\Lumen\Application->Laravel\Lumen\Concerns\{closure}() /var/www/html/api/vendor/laravel/lumen-framework/src/Concerns/RoutesRequests.php:413"
[27-Dec-2017 17:59:34] WARNING: [pool www] child 11 said into stderr: "NOTICE: PHP message: PHP   6. Laravel\Lumen\Application->handleFoundRoute() /var/www/html/api/vendor/laravel/lumen-framework/src/Concerns/RoutesRequests.php:160"
[27-Dec-2017 17:59:34] WARNING: [pool www] child 11 said into stderr: "NOTICE: PHP message: PHP   7. Laravel\Lumen\Application->sendThroughPipeline() /var/www/html/api/vendor/laravel/lumen-framework/src/Concerns/RoutesRequests.php:256"
[27-Dec-2017 17:59:34] WARNING: [pool www] child 11 said into stderr: "NOTICE: PHP message: PHP   8. Laravel\Lumen\Routing\Pipeline->then() /var/www/html/api/vendor/laravel/lumen-framework/src/Concerns/RoutesRequests.php:410"
[27-Dec-2017 17:59:34] WARNING: [pool www] child 11 said into stderr: "NOTICE: PHP message: PHP   9. Laravel\Lumen\Routing\Pipeline->Laravel\Lumen\Routing\{closure}() /var/www/html/api/vendor/illuminate/pipeline/Pipeline.php:102"
[27-Dec-2017 17:59:34] WARNING: [pool www] child 11 said into stderr: "NOTICE: PHP message: PHP  10. call_user_func:{/var/www/html/api/vendor/laravel/lumen-framework/src/Routing/Pipeline.php:32}() /var/www/html/api/vendor/laravel/lumen-framework/src/Routing/Pipeline.php:32"
[27-Dec-2017 17:59:34] WARNING: [pool www] child 11 said into stderr: "NOTICE: PHP message: PHP  11. Laravel\Lumen\Routing\Pipeline->Illuminate\Pipeline\{closure}() /var/www/html/api/vendor/laravel/lumen-framework/src/Routing/Pipeline.php:32"
[27-Dec-2017 17:59:34] WARNING: [pool www] child 11 said into stderr: "NOTICE: PHP message: PHP  12. App\Http\Middleware\Authenticate->handle() /var/www/html/api/vendor/illuminate/pipeline/Pipeline.php:149"
[27-Dec-2017 17:59:34] WARNING: [pool www] child 11 said into stderr: "NOTICE: PHP message: PHP  13. Laravel\Lumen\Routing\Pipeline->Laravel\Lumen\Routing\{closure}() /var/www/html/api/app/Http/Middleware/Authenticate.php:48"
[27-Dec-2017 17:59:34] WARNING: [pool www] child 11 said into stderr: "NOTICE: PHP message: PHP  14. call_user_func:{/var/www/html/api/vendor/laravel/lumen-framework/src/Routing/Pipeline.php:52}() /var/www/html/api/vendor/laravel/lumen-framework/src/Routing/Pipeline.php:52"
[27-Dec-2017 17:59:34] WARNING: [pool www] child 11 said into stderr: "NOTICE: PHP message: PHP  15. Laravel\Lumen\Application->Laravel\Lumen\Concerns\{closure}() /var/www/html/api/vendor/laravel/lumen-framework/src/Routing/Pipeline.php:52"
[27-Dec-2017 17:59:34] WARNING: [pool www] child 11 said into stderr: "NOTICE: PHP message: PHP  16. Laravel\Lumen\Application->callActionOnArrayBasedRoute() /var/www/html/api/vendor/laravel/lumen-framework/src/Concerns/RoutesRequests.php:255"
[27-Dec-2017 17:59:34] WARNING: [pool www] child 11 said into stderr: "NOTICE: PHP message: PHP  17. Laravel\Lumen\Application->callControllerAction() /var/www/html/api/vendor/laravel/lumen-framework/src/Concerns/RoutesRequests.php:275"
[27-Dec-2017 17:59:34] WARNING: [pool www] child 11 said into stderr: "NOTICE: PHP message: PHP  18. Laravel\Lumen\Application->make() /var/www/html/api/vendor/laravel/lumen-framework/src/Concerns/RoutesRequests.php:308"
[27-Dec-2017 17:59:34] WARNING: [pool www] child 11 said into stderr: "NOTICE: PHP message: PHP  19. Laravel\Lumen\Application->make() /var/www/html/api/vendor/laravel/lumen-framework/src/Application.php:230"
[27-Dec-2017 17:59:34] WARNING: [pool www] child 11 said into stderr: "NOTICE: PHP message: PHP  20. Laravel\Lumen\Application->resolve() /var/www/html/api/vendor/illuminate/container/Container.php:586"
[27-Dec-2017 17:59:34] WARNING: [pool www] child 11 said into stderr: "NOTICE: PHP message: PHP  21. Laravel\Lumen\Application->build() /var/www/html/api/vendor/illuminate/container/Container.php:631"
[27-Dec-2017 17:59:34] WARNING: [pool www] child 11 said into stderr: "NOTICE: PHP message: PHP  22. ReflectionClass->__construct() /var/www/html/api/vendor/illuminate/container/Container.php:752"
[27-Dec-2017 17:59:34] WARNING: [pool www] child 11 said into stderr: "NOTICE: PHP message: PHP  23. spl_autoload_call() /var/www/html/api/vendor/illuminate/container/Container.php:752"
[27-Dec-2017 17:59:34] WARNING: [pool www] child 11 said into stderr: "NOTICE: PHP message: PHP  24. Composer\Autoload\ClassLoader->loadClass() /var/www/html/api/vendor/illuminate/container/Container.php:752"
[27-Dec-2017 17:59:34] WARNING: [pool www] child 11 said into stderr: "NOTICE: PHP message: PHP  25. Composer\Autoload\includeFile() /var/www/html/api/vendor/composer/ClassLoader.php:322"
[27-Dec-2017 17:59:34] WARNING: [pool www] child 11 said into stderr: "NOTICE: PHP message: PHP  26. include() /var/www/html/api/vendor/composer/ClassLoader.php:444"
[27-Dec-2017 18:00:47] WARNING: [pool www] child 11 said into stderr: "NOTICE: PHP message: PHP Warning:  Uncaught ErrorException: require(App\Publishers\AtualizaPagamentoPublisher): failed to open stream: No such file or directory in /var/www/html/api/app/Http/Controllers/AtualizaPagamentoController.php:4"
[27-Dec-2017 18:00:47] WARNING: [pool www] child 11 said into stderr: "Stack trace:"
[27-Dec-2017 18:00:47] WARNING: [pool www] child 11 said into stderr: "#0 /var/www/html/api/app/Http/Controllers/AtualizaPagamentoController.php(4): Laravel\Lumen\Application->Laravel\Lumen\Concerns\{closure}(2, 'require(App\\Pub...', '/var/www/html/a...', 4, Array)"
[27-Dec-2017 18:00:47] WARNING: [pool www] child 11 said into stderr: "#1 /var/www/html/api/app/Http/Controllers/AtualizaPagamentoController.php(4): require()"
[27-Dec-2017 18:00:47] WARNING: [pool www] child 11 said into stderr: "#2 /var/www/html/api/vendor/composer/ClassLoader.php(444): include('/var/www/html/a...')"
[27-Dec-2017 18:00:47] WARNING: [pool www] child 11 said into stderr: "#3 /var/www/html/api/vendor/composer/ClassLoader.php(322): Composer\Autoload\includeFile('/var/www/html/a...')"
[27-Dec-2017 18:00:47] WARNING: [pool www] child 11 said into stderr: "#4 [internal function]: Composer\Autoload\ClassLoader->loadClass('App\\Http\\Contro...')"
[27-Dec-2017 18:00:47] WARNING: [pool www] child 11 said into stderr: "#5 [internal function]: spl_autoload_call('App\\Http\\Contro...')"
[27-Dec-2017 18:00:47] WARNING: [pool www] child 11 said into stderr: "#6 /var/www/html/api/vendor/illuminate/container/Container.php(752): ReflectionClass->__construct('App\\Http\\Contro...')"
[27-Dec-2017 18:00:47] WARNING: [pool www] child 11 said into stderr: "#7 /var/w..."
[27-Dec-2017 18:00:47] WARNING: [pool www] child 11 said into stderr: "NOTICE: PHP message: PHP Stack trace:"
[27-Dec-2017 18:00:47] WARNING: [pool www] child 11 said into stderr: "NOTICE: PHP message: PHP   1. {main}() /var/www/html/api/public/index.php:0"
[27-Dec-2017 18:00:47] WARNING: [pool www] child 11 said into stderr: "NOTICE: PHP message: PHP   2. Laravel\Lumen\Application->run() /var/www/html/api/public/index.php:28"
[27-Dec-2017 18:00:47] WARNING: [pool www] child 11 said into stderr: "NOTICE: PHP message: PHP   3. Laravel\Lumen\Application->dispatch() /var/www/html/api/vendor/laravel/lumen-framework/src/Concerns/RoutesRequests.php:107"
[27-Dec-2017 18:00:47] WARNING: [pool www] child 11 said into stderr: "NOTICE: PHP message: PHP   4. Laravel\Lumen\Application->sendThroughPipeline() /var/www/html/api/vendor/laravel/lumen-framework/src/Concerns/RoutesRequests.php:166"
[27-Dec-2017 18:00:47] WARNING: [pool www] child 11 said into stderr: "NOTICE: PHP message: PHP   5. Laravel\Lumen\Application->Laravel\Lumen\Concerns\{closure}() /var/www/html/api/vendor/laravel/lumen-framework/src/Concerns/RoutesRequests.php:413"
[27-Dec-2017 18:00:47] WARNING: [pool www] child 11 said into stderr: "NOTICE: PHP message: PHP   6. Laravel\Lumen\Application->handleFoundRoute() /var/www/html/api/vendor/laravel/lumen-framework/src/Concerns/RoutesRequests.php:160"
[27-Dec-2017 18:00:47] WARNING: [pool www] child 11 said into stderr: "NOTICE: PHP message: PHP   7. Laravel\Lumen\Application->sendThroughPipeline() /var/www/html/api/vendor/laravel/lumen-framework/src/Concerns/RoutesRequests.php:256"
[27-Dec-2017 18:00:47] WARNING: [pool www] child 11 said into stderr: "NOTICE: PHP message: PHP   8. Laravel\Lumen\Routing\Pipeline->then() /var/www/html/api/vendor/laravel/lumen-framework/src/Concerns/RoutesRequests.php:410"
[27-Dec-2017 18:00:47] WARNING: [pool www] child 11 said into stderr: "NOTICE: PHP message: PHP   9. Laravel\Lumen\Routing\Pipeline->Laravel\Lumen\Routing\{closure}() /var/www/html/api/vendor/illuminate/pipeline/Pipeline.php:102"
[27-Dec-2017 18:00:47] WARNING: [pool www] child 11 said into stderr: "NOTICE: PHP message: PHP  10. call_user_func:{/var/www/html/api/vendor/laravel/lumen-framework/src/Routing/Pipeline.php:32}() /var/www/html/api/vendor/laravel/lumen-framework/src/Routing/Pipeline.php:32"
[27-Dec-2017 18:00:47] WARNING: [pool www] child 11 said into stderr: "NOTICE: PHP message: PHP  11. Laravel\Lumen\Routing\Pipeline->Illuminate\Pipeline\{closure}() /var/www/html/api/vendor/laravel/lumen-framework/src/Routing/Pipeline.php:32"
[27-Dec-2017 18:00:47] WARNING: [pool www] child 11 said into stderr: "NOTICE: PHP message: PHP  12. App\Http\Middleware\Authenticate->handle() /var/www/html/api/vendor/illuminate/pipeline/Pipeline.php:149"
[27-Dec-2017 18:00:47] WARNING: [pool www] child 11 said into stderr: "NOTICE: PHP message: PHP  13. Laravel\Lumen\Routing\Pipeline->Laravel\Lumen\Routing\{closure}() /var/www/html/api/app/Http/Middleware/Authenticate.php:48"
[27-Dec-2017 18:00:47] WARNING: [pool www] child 11 said into stderr: "NOTICE: PHP message: PHP  14. call_user_func:{/var/www/html/api/vendor/laravel/lumen-framework/src/Routing/Pipeline.php:52}() /var/www/html/api/vendor/laravel/lumen-framework/src/Routing/Pipeline.php:52"
[27-Dec-2017 18:00:47] WARNING: [pool www] child 11 said into stderr: "NOTICE: PHP message: PHP  15. Laravel\Lumen\Application->Laravel\Lumen\Concerns\{closure}() /var/www/html/api/vendor/laravel/lumen-framework/src/Routing/Pipeline.php:52"
[27-Dec-2017 18:00:47] WARNING: [pool www] child 11 said into stderr: "NOTICE: PHP message: PHP  16. Laravel\Lumen\Application->callActionOnArrayBasedRoute() /var/www/html/api/vendor/laravel/lumen-framework/src/Concerns/RoutesRequests.php:255"
[27-Dec-2017 18:00:47] WARNING: [pool www] child 11 said into stderr: "NOTICE: PHP message: PHP  17. Laravel\Lumen\Application->callControllerAction() /var/www/html/api/vendor/laravel/lumen-framework/src/Concerns/RoutesRequests.php:275"
[27-Dec-2017 18:00:47] WARNING: [pool www] child 11 said into stderr: "NOTICE: PHP message: PHP  18. Laravel\Lumen\Application->make() /var/www/html/api/vendor/laravel/lumen-framework/src/Concerns/RoutesRequests.php:308"
[27-Dec-2017 18:00:47] WARNING: [pool www] child 11 said into stderr: "NOTICE: PHP message: PHP  19. Laravel\Lumen\Application->make() /var/www/html/api/vendor/laravel/lumen-framework/src/Application.php:230"
[27-Dec-2017 18:00:47] WARNING: [pool www] child 11 said into stderr: "NOTICE: PHP message: PHP  20. Laravel\Lumen\Application->resolve() /var/www/html/api/vendor/illuminate/container/Container.php:586"
[27-Dec-2017 18:00:47] WARNING: [pool www] child 11 said into stderr: "NOTICE: PHP message: PHP  21. Laravel\Lumen\Application->build() /var/www/html/api/vendor/illuminate/container/Container.php:631"
[27-Dec-2017 18:00:47] WARNING: [pool www] child 11 said into stderr: "NOTICE: PHP message: PHP  22. ReflectionClass->__construct() /var/www/html/api/vendor/illuminate/container/Container.php:752"
[27-Dec-2017 18:00:47] WARNING: [pool www] child 11 said into stderr: "NOTICE: PHP message: PHP  23. spl_autoload_call() /var/www/html/api/vendor/illuminate/container/Container.php:752"
[27-Dec-2017 18:00:47] WARNING: [pool www] child 11 said into stderr: "NOTICE: PHP message: PHP  24. Composer\Autoload\ClassLoader->loadClass() /var/www/html/api/vendor/illuminate/container/Container.php:752"
[27-Dec-2017 18:00:47] WARNING: [pool www] child 11 said into stderr: "NOTICE: PHP message: PHP  25. Composer\Autoload\includeFile() /var/www/html/api/vendor/composer/ClassLoader.php:322"
[27-Dec-2017 18:00:47] WARNING: [pool www] child 11 said into stderr: "NOTICE: PHP message: PHP  26. include() /var/www/html/api/vendor/composer/ClassLoader.php:444"
[27-Dec-2017 18:00:47] WARNING: [pool www] child 11 said into stderr: "NOTICE: PHP message: PHP Fatal error:  main(): Failed opening required 'App\Publishers\AtualizaPagamentoPublisher' (include_path='.:/usr/share/php') in /var/www/html/api/app/Http/Controllers/AtualizaPagamentoController.php on line 4"
[27-Dec-2017 18:00:47] WARNING: [pool www] child 11 said into stderr: "NOTICE: PHP message: PHP Stack trace:"
[27-Dec-2017 18:00:47] WARNING: [pool www] child 11 said into stderr: "NOTICE: PHP message: PHP   1. {main}() /var/www/html/api/public/index.php:0"
[27-Dec-2017 18:00:47] WARNING: [pool www] child 11 said into stderr: "NOTICE: PHP message: PHP   2. Laravel\Lumen\Application->run() /var/www/html/api/public/index.php:28"
[27-Dec-2017 18:00:47] WARNING: [pool www] child 11 said into stderr: "NOTICE: PHP message: PHP   3. Laravel\Lumen\Application->dispatch() /var/www/html/api/vendor/laravel/lumen-framework/src/Concerns/RoutesRequests.php:107"
[27-Dec-2017 18:00:47] WARNING: [pool www] child 11 said into stderr: "NOTICE: PHP message: PHP   4. Laravel\Lumen\Application->sendThroughPipeline() /var/www/html/api/vendor/laravel/lumen-framework/src/Concerns/RoutesRequests.php:166"
[27-Dec-2017 18:00:47] WARNING: [pool www] child 11 said into stderr: "NOTICE: PHP message: PHP   5. Laravel\Lumen\Application->Laravel\Lumen\Concerns\{closure}() /var/www/html/api/vendor/laravel/lumen-framework/src/Concerns/RoutesRequests.php:413"
[27-Dec-2017 18:00:47] WARNING: [pool www] child 11 said into stderr: "NOTICE: PHP message: PHP   6. Laravel\Lumen\Application->handleFoundRoute() /var/www/html/api/vendor/laravel/lumen-framework/src/Concerns/RoutesRequests.php:160"
[27-Dec-2017 18:00:47] WARNING: [pool www] child 11 said into stderr: "NOTICE: PHP message: PHP   7. Laravel\Lumen\Application->sendThroughPipeline() /var/www/html/api/vendor/laravel/lumen-framework/src/Concerns/RoutesRequests.php:256"
[27-Dec-2017 18:00:47] WARNING: [pool www] child 11 said into stderr: "NOTICE: PHP message: PHP   8. Laravel\Lumen\Routing\Pipeline->then() /var/www/html/api/vendor/laravel/lumen-framework/src/Concerns/RoutesRequests.php:410"
[27-Dec-2017 18:00:47] WARNING: [pool www] child 11 said into stderr: "NOTICE: PHP message: PHP   9. Laravel\Lumen\Routing\Pipeline->Laravel\Lumen\Routing\{closure}() /var/www/html/api/vendor/illuminate/pipeline/Pipeline.php:102"
[27-Dec-2017 18:00:47] WARNING: [pool www] child 11 said into stderr: "NOTICE: PHP message: PHP  10. call_user_func:{/var/www/html/api/vendor/laravel/lumen-framework/src/Routing/Pipeline.php:32}() /var/www/html/api/vendor/laravel/lumen-framework/src/Routing/Pipeline.php:32"
[27-Dec-2017 18:00:47] WARNING: [pool www] child 11 said into stderr: "NOTICE: PHP message: PHP  11. Laravel\Lumen\Routing\Pipeline->Illuminate\Pipeline\{closure}() /var/www/html/api/vendor/laravel/lumen-framework/src/Routing/Pipeline.php:32"
[27-Dec-2017 18:00:47] WARNING: [pool www] child 11 said into stderr: "NOTICE: PHP message: PHP  12. App\Http\Middleware\Authenticate->handle() /var/www/html/api/vendor/illuminate/pipeline/Pipeline.php:149"
[27-Dec-2017 18:00:47] WARNING: [pool www] child 11 said into stderr: "NOTICE: PHP message: PHP  13. Laravel\Lumen\Routing\Pipeline->Laravel\Lumen\Routing\{closure}() /var/www/html/api/app/Http/Middleware/Authenticate.php:48"
[27-Dec-2017 18:00:47] WARNING: [pool www] child 11 said into stderr: "NOTICE: PHP message: PHP  14. call_user_func:{/var/www/html/api/vendor/laravel/lumen-framework/src/Routing/Pipeline.php:52}() /var/www/html/api/vendor/laravel/lumen-framework/src/Routing/Pipeline.php:52"
[27-Dec-2017 18:00:47] WARNING: [pool www] child 11 said into stderr: "NOTICE: PHP message: PHP  15. Laravel\Lumen\Application->Laravel\Lumen\Concerns\{closure}() /var/www/html/api/vendor/laravel/lumen-framework/src/Routing/Pipeline.php:52"
[27-Dec-2017 18:00:47] WARNING: [pool www] child 11 said into stderr: "NOTICE: PHP message: PHP  16. Laravel\Lumen\Application->callActionOnArrayBasedRoute() /var/www/html/api/vendor/laravel/lumen-framework/src/Concerns/RoutesRequests.php:255"
[27-Dec-2017 18:00:47] WARNING: [pool www] child 11 said into stderr: "NOTICE: PHP message: PHP  17. Laravel\Lumen\Application->callControllerAction() /var/www/html/api/vendor/laravel/lumen-framework/src/Concerns/RoutesRequests.php:275"
[27-Dec-2017 18:00:47] WARNING: [pool www] child 11 said into stderr: "NOTICE: PHP message: PHP  18. Laravel\Lumen\Application->make() /var/www/html/api/vendor/laravel/lumen-framework/src/Concerns/RoutesRequests.php:308"
[27-Dec-2017 18:00:47] WARNING: [pool www] child 11 said into stderr: "NOTICE: PHP message: PHP  19. Laravel\Lumen\Application->make() /var/www/html/api/vendor/laravel/lumen-framework/src/Application.php:230"
[27-Dec-2017 18:00:47] WARNING: [pool www] child 11 said into stderr: "NOTICE: PHP message: PHP  20. Laravel\Lumen\Application->resolve() /var/www/html/api/vendor/illuminate/container/Container.php:586"
[27-Dec-2017 18:00:47] WARNING: [pool www] child 11 said into stderr: "NOTICE: PHP message: PHP  21. Laravel\Lumen\Application->build() /var/www/html/api/vendor/illuminate/container/Container.php:631"
[27-Dec-2017 18:00:47] WARNING: [pool www] child 11 said into stderr: "NOTICE: PHP message: PHP  22. ReflectionClass->__construct() /var/www/html/api/vendor/illuminate/container/Container.php:752"
[27-Dec-2017 18:00:47] WARNING: [pool www] child 11 said into stderr: "NOTICE: PHP message: PHP  23. spl_autoload_call() /var/www/html/api/vendor/illuminate/container/Container.php:752"
[27-Dec-2017 18:00:47] WARNING: [pool www] child 11 said into stderr: "NOTICE: PHP message: PHP  24. Composer\Autoload\ClassLoader->loadClass() /var/www/html/api/vendor/illuminate/container/Container.php:752"
[27-Dec-2017 18:00:47] WARNING: [pool www] child 11 said into stderr: "NOTICE: PHP message: PHP  25. Composer\Autoload\includeFile() /var/www/html/api/vendor/composer/ClassLoader.php:322"
[27-Dec-2017 18:00:47] WARNING: [pool www] child 11 said into stderr: "NOTICE: PHP message: PHP  26. include() /var/www/html/api/vendor/composer/ClassLoader.php:444"
[27-Dec-2017 18:04:57] WARNING: [pool www] child 12 said into stderr: "NOTICE: PHP message: PHP Fatal error:  Class App\Publishers\AtualizaPagamentoPublisher contains 1 abstract method and must therefore be declared abstract or implement the remaining methods (App\Publishers\AbstractPublisher::fetch) in /var/www/html/api/app/Publishers/AtualizaPagamentoPublisher.php on line 11"
[27-Dec-2017 18:04:57] WARNING: [pool www] child 12 said into stderr: "NOTICE: PHP message: PHP Stack trace:"
[27-Dec-2017 18:04:57] WARNING: [pool www] child 12 said into stderr: "NOTICE: PHP message: PHP   1. {main}() /var/www/html/api/public/index.php:0"
[27-Dec-2017 18:04:57] WARNING: [pool www] child 12 said into stderr: "NOTICE: PHP message: PHP   2. Laravel\Lumen\Application->run() /var/www/html/api/public/index.php:28"
[27-Dec-2017 18:04:57] WARNING: [pool www] child 12 said into stderr: "NOTICE: PHP message: PHP   3. Laravel\Lumen\Application->dispatch() /var/www/html/api/vendor/laravel/lumen-framework/src/Concerns/RoutesRequests.php:107"
[27-Dec-2017 18:04:57] WARNING: [pool www] child 12 said into stderr: "NOTICE: PHP message: PHP   4. Laravel\Lumen\Application->sendThroughPipeline() /var/www/html/api/vendor/laravel/lumen-framework/src/Concerns/RoutesRequests.php:166"
[27-Dec-2017 18:04:57] WARNING: [pool www] child 12 said into stderr: "NOTICE: PHP message: PHP   5. Laravel\Lumen\Application->Laravel\Lumen\Concerns\{closure}() /var/www/html/api/vendor/laravel/lumen-framework/src/Concerns/RoutesRequests.php:413"
[27-Dec-2017 18:04:57] WARNING: [pool www] child 12 said into stderr: "NOTICE: PHP message: PHP   6. Laravel\Lumen\Application->handleFoundRoute() /var/www/html/api/vendor/laravel/lumen-framework/src/Concerns/RoutesRequests.php:160"
[27-Dec-2017 18:04:57] WARNING: [pool www] child 12 said into stderr: "NOTICE: PHP message: PHP   7. Laravel\Lumen\Application->sendThroughPipeline() /var/www/html/api/vendor/laravel/lumen-framework/src/Concerns/RoutesRequests.php:256"
[27-Dec-2017 18:04:57] WARNING: [pool www] child 12 said into stderr: "NOTICE: PHP message: PHP   8. Laravel\Lumen\Routing\Pipeline->then() /var/www/html/api/vendor/laravel/lumen-framework/src/Concerns/RoutesRequests.php:410"
[27-Dec-2017 18:04:57] WARNING: [pool www] child 12 said into stderr: "NOTICE: PHP message: PHP   9. Laravel\Lumen\Routing\Pipeline->Laravel\Lumen\Routing\{closure}() /var/www/html/api/vendor/illuminate/pipeline/Pipeline.php:102"
[27-Dec-2017 18:04:57] WARNING: [pool www] child 12 said into stderr: "NOTICE: PHP message: PHP  10. call_user_func:{/var/www/html/api/vendor/laravel/lumen-framework/src/Routing/Pipeline.php:32}() /var/www/html/api/vendor/laravel/lumen-framework/src/Routing/Pipeline.php:32"
[27-Dec-2017 18:04:57] WARNING: [pool www] child 12 said into stderr: "NOTICE: PHP message: PHP  11. Laravel\Lumen\Routing\Pipeline->Illuminate\Pipeline\{closure}() /var/www/html/api/vendor/laravel/lumen-framework/src/Routing/Pipeline.php:32"
[27-Dec-2017 18:04:57] WARNING: [pool www] child 12 said into stderr: "NOTICE: PHP message: PHP  12. App\Http\Middleware\Authenticate->handle() /var/www/html/api/vendor/illuminate/pipeline/Pipeline.php:149"
[27-Dec-2017 18:04:57] WARNING: [pool www] child 12 said into stderr: "NOTICE: PHP message: PHP  13. Laravel\Lumen\Routing\Pipeline->Laravel\Lumen\Routing\{closure}() /var/www/html/api/app/Http/Middleware/Authenticate.php:48"
[27-Dec-2017 18:04:57] WARNING: [pool www] child 12 said into stderr: "NOTICE: PHP message: PHP  14. call_user_func:{/var/www/html/api/vendor/laravel/lumen-framework/src/Routing/Pipeline.php:52}() /var/www/html/api/vendor/laravel/lumen-framework/src/Routing/Pipeline.php:52"
[27-Dec-2017 18:04:57] WARNING: [pool www] child 12 said into stderr: "NOTICE: PHP message: PHP  15. Laravel\Lumen\Application->Laravel\Lumen\Concerns\{closure}() /var/www/html/api/vendor/laravel/lumen-framework/src/Routing/Pipeline.php:52"
[27-Dec-2017 18:04:57] WARNING: [pool www] child 12 said into stderr: "NOTICE: PHP message: PHP  16. Laravel\Lumen\Application->callActionOnArrayBasedRoute() /var/www/html/api/vendor/laravel/lumen-framework/src/Concerns/RoutesRequests.php:255"
[27-Dec-2017 18:04:57] WARNING: [pool www] child 12 said into stderr: "NOTICE: PHP message: PHP  17. Laravel\Lumen\Application->callControllerAction() /var/www/html/api/vendor/laravel/lumen-framework/src/Concerns/RoutesRequests.php:275"
[27-Dec-2017 18:04:57] WARNING: [pool www] child 12 said into stderr: "NOTICE: PHP message: PHP  18. Laravel\Lumen\Application->callLumenController() /var/www/html/api/vendor/laravel/lumen-framework/src/Concerns/RoutesRequests.php:313"
[27-Dec-2017 18:04:57] WARNING: [pool www] child 12 said into stderr: "NOTICE: PHP message: PHP  19. Laravel\Lumen\Application->callControllerCallable() /var/www/html/api/vendor/laravel/lumen-framework/src/Concerns/RoutesRequests.php:339"
[27-Dec-2017 18:04:57] WARNING: [pool www] child 12 said into stderr: "NOTICE: PHP message: PHP  20. Laravel\Lumen\Application->call() /var/www/html/api/vendor/laravel/lumen-framework/src/Concerns/RoutesRequests.php:373"
[27-Dec-2017 18:04:57] WARNING: [pool www] child 12 said into stderr: "NOTICE: PHP message: PHP  21. Illuminate\Container\BoundMethod::call() /var/www/html/api/vendor/illuminate/container/Container.php:549"
[27-Dec-2017 18:04:57] WARNING: [pool www] child 12 said into stderr: "NOTICE: PHP message: PHP  22. Illuminate\Container\BoundMethod::callBoundMethod() /var/www/html/api/vendor/illuminate/container/BoundMethod.php:31"
[27-Dec-2017 18:04:57] WARNING: [pool www] child 12 said into stderr: "NOTICE: PHP message: PHP  23. Illuminate\Container\BoundMethod::Illuminate\Container\{closure}() /var/www/html/api/vendor/illuminate/container/BoundMethod.php:87"
[27-Dec-2017 18:04:57] WARNING: [pool www] child 12 said into stderr: "NOTICE: PHP message: PHP  24. call_user_func_array:{/var/www/html/api/vendor/illuminate/container/BoundMethod.php:29}() /var/www/html/api/vendor/illuminate/container/BoundMethod.php:29"
[27-Dec-2017 18:04:57] WARNING: [pool www] child 12 said into stderr: "NOTICE: PHP message: PHP  25. App\Http\Controllers\AtualizaPagamentoController->AtualizaPagamento() /var/www/html/api/vendor/illuminate/container/BoundMethod.php:29"
[27-Dec-2017 18:04:57] WARNING: [pool www] child 12 said into stderr: "NOTICE: PHP message: PHP  26. spl_autoload_call() /var/www/html/api/app/Http/Controllers/AtualizaPagamentoController.php:18"
[27-Dec-2017 18:04:57] WARNING: [pool www] child 12 said into stderr: "NOTICE: PHP message: PHP  27. Composer\Autoload\ClassLoader->loadClass() /var/www/html/api/app/Http/Controllers/AtualizaPagamentoController.php:18"
[27-Dec-2017 18:04:57] WARNING: [pool www] child 12 said into stderr: "NOTICE: PHP message: PHP  28. Composer\Autoload\includeFile() /var/www/html/api/vendor/composer/ClassLoader.php:322"
[27-Dec-2017 18:04:57] WARNING: [pool www] child 12 said into stderr: "NOTICE: PHP message: PHP  29. include() /var/www/html/api/vendor/composer/ClassLoader.php:444"
[27-Dec-2017 18:11:43] WARNING: [pool www] child 11 said into stderr: "NOTICE: PHP message: PHP Fatal error:  Class App\Publishers\AtualizaPagamentoPublisher contains 1 abstract method and must therefore be declared abstract or implement the remaining methods (App\Publishers\AbstractPublisher::fetch) in /var/www/html/api/app/Publishers/AtualizaPagamentoPublisher.php on line 11"
[27-Dec-2017 18:11:43] WARNING: [pool www] child 11 said into stderr: "NOTICE: PHP message: PHP Stack trace:"
[27-Dec-2017 18:11:43] WARNING: [pool www] child 11 said into stderr: "NOTICE: PHP message: PHP   1. {main}() /var/www/html/api/public/index.php:0"
[27-Dec-2017 18:11:43] WARNING: [pool www] child 11 said into stderr: "NOTICE: PHP message: PHP   2. Laravel\Lumen\Application->run() /var/www/html/api/public/index.php:28"
[27-Dec-2017 18:11:43] WARNING: [pool www] child 11 said into stderr: "NOTICE: PHP message: PHP   3. Laravel\Lumen\Application->dispatch() /var/www/html/api/vendor/laravel/lumen-framework/src/Concerns/RoutesRequests.php:107"
[27-Dec-2017 18:11:43] WARNING: [pool www] child 11 said into stderr: "NOTICE: PHP message: PHP   4. Laravel\Lumen\Application->sendThroughPipeline() /var/www/html/api/vendor/laravel/lumen-framework/src/Concerns/RoutesRequests.php:166"
[27-Dec-2017 18:11:43] WARNING: [pool www] child 11 said into stderr: "NOTICE: PHP message: PHP   5. Laravel\Lumen\Application->Laravel\Lumen\Concerns\{closure}() /var/www/html/api/vendor/laravel/lumen-framework/src/Concerns/RoutesRequests.php:413"
[27-Dec-2017 18:11:43] WARNING: [pool www] child 11 said into stderr: "NOTICE: PHP message: PHP   6. Laravel\Lumen\Application->handleFoundRoute() /var/www/html/api/vendor/laravel/lumen-framework/src/Concerns/RoutesRequests.php:160"
[27-Dec-2017 18:11:43] WARNING: [pool www] child 11 said into stderr: "NOTICE: PHP message: PHP   7. Laravel\Lumen\Application->sendThroughPipeline() /var/www/html/api/vendor/laravel/lumen-framework/src/Concerns/RoutesRequests.php:256"
[27-Dec-2017 18:11:43] WARNING: [pool www] child 11 said into stderr: "NOTICE: PHP message: PHP   8. Laravel\Lumen\Routing\Pipeline->then() /var/www/html/api/vendor/laravel/lumen-framework/src/Concerns/RoutesRequests.php:410"
[27-Dec-2017 18:11:43] WARNING: [pool www] child 11 said into stderr: "NOTICE: PHP message: PHP   9. Laravel\Lumen\Routing\Pipeline->Laravel\Lumen\Routing\{closure}() /var/www/html/api/vendor/illuminate/pipeline/Pipeline.php:102"
[27-Dec-2017 18:11:43] WARNING: [pool www] child 11 said into stderr: "NOTICE: PHP message: PHP  10. call_user_func:{/var/www/html/api/vendor/laravel/lumen-framework/src/Routing/Pipeline.php:32}() /var/www/html/api/vendor/laravel/lumen-framework/src/Routing/Pipeline.php:32"
[27-Dec-2017 18:11:43] WARNING: [pool www] child 11 said into stderr: "NOTICE: PHP message: PHP  11. Laravel\Lumen\Routing\Pipeline->Illuminate\Pipeline\{closure}() /var/www/html/api/vendor/laravel/lumen-framework/src/Routing/Pipeline.php:32"
[27-Dec-2017 18:11:43] WARNING: [pool www] child 11 said into stderr: "NOTICE: PHP message: PHP  12. App\Http\Middleware\Authenticate->handle() /var/www/html/api/vendor/illuminate/pipeline/Pipeline.php:149"
[27-Dec-2017 18:11:43] WARNING: [pool www] child 11 said into stderr: "NOTICE: PHP message: PHP  13. Laravel\Lumen\Routing\Pipeline->Laravel\Lumen\Routing\{closure}() /var/www/html/api/app/Http/Middleware/Authenticate.php:48"
[27-Dec-2017 18:11:43] WARNING: [pool www] child 11 said into stderr: "NOTICE: PHP message: PHP  14. call_user_func:{/var/www/html/api/vendor/laravel/lumen-framework/src/Routing/Pipeline.php:52}() /var/www/html/api/vendor/laravel/lumen-framework/src/Routing/Pipeline.php:52"
[27-Dec-2017 18:11:43] WARNING: [pool www] child 11 said into stderr: "NOTICE: PHP message: PHP  15. Laravel\Lumen\Application->Laravel\Lumen\Concerns\{closure}() /var/www/html/api/vendor/laravel/lumen-framework/src/Routing/Pipeline.php:52"
[27-Dec-2017 18:11:43] WARNING: [pool www] child 11 said into stderr: "NOTICE: PHP message: PHP  16. Laravel\Lumen\Application->callActionOnArrayBasedRoute() /var/www/html/api/vendor/laravel/lumen-framework/src/Concerns/RoutesRequests.php:255"
[27-Dec-2017 18:11:43] WARNING: [pool www] child 11 said into stderr: "NOTICE: PHP message: PHP  17. Laravel\Lumen\Application->callControllerAction() /var/www/html/api/vendor/laravel/lumen-framework/src/Concerns/RoutesRequests.php:275"
[27-Dec-2017 18:11:43] WARNING: [pool www] child 11 said into stderr: "NOTICE: PHP message: PHP  18. Laravel\Lumen\Application->callLumenController() /var/www/html/api/vendor/laravel/lumen-framework/src/Concerns/RoutesRequests.php:313"
[27-Dec-2017 18:11:43] WARNING: [pool www] child 11 said into stderr: "NOTICE: PHP message: PHP  19. Laravel\Lumen\Application->callControllerCallable() /var/www/html/api/vendor/laravel/lumen-framework/src/Concerns/RoutesRequests.php:339"
[27-Dec-2017 18:11:43] WARNING: [pool www] child 11 said into stderr: "NOTICE: PHP message: PHP  20. Laravel\Lumen\Application->call() /var/www/html/api/vendor/laravel/lumen-framework/src/Concerns/RoutesRequests.php:373"
[27-Dec-2017 18:11:43] WARNING: [pool www] child 11 said into stderr: "NOTICE: PHP message: PHP  21. Illuminate\Container\BoundMethod::call() /var/www/html/api/vendor/illuminate/container/Container.php:549"
[27-Dec-2017 18:11:43] WARNING: [pool www] child 11 said into stderr: "NOTICE: PHP message: PHP  22. Illuminate\Container\BoundMethod::callBoundMethod() /var/www/html/api/vendor/illuminate/container/BoundMethod.php:31"
[27-Dec-2017 18:11:43] WARNING: [pool www] child 11 said into stderr: "NOTICE: PHP message: PHP  23. Illuminate\Container\BoundMethod::Illuminate\Container\{closure}() /var/www/html/api/vendor/illuminate/container/BoundMethod.php:87"
[27-Dec-2017 18:11:43] WARNING: [pool www] child 11 said into stderr: "NOTICE: PHP message: PHP  24. call_user_func_array:{/var/www/html/api/vendor/illuminate/container/BoundMethod.php:29}() /var/www/html/api/vendor/illuminate/container/BoundMethod.php:29"
[27-Dec-2017 18:11:43] WARNING: [pool www] child 11 said into stderr: "NOTICE: PHP message: PHP  25. App\Http\Controllers\AtualizaPagamentoController->AtualizaPagamento() /var/www/html/api/vendor/illuminate/container/BoundMethod.php:29"
[27-Dec-2017 18:11:43] WARNING: [pool www] child 11 said into stderr: "NOTICE: PHP message: PHP  26. spl_autoload_call() /var/www/html/api/app/Http/Controllers/AtualizaPagamentoController.php:23"
[27-Dec-2017 18:11:43] WARNING: [pool www] child 11 said into stderr: "NOTICE: PHP message: PHP  27. Composer\Autoload\ClassLoader->loadClass() /var/www/html/api/app/Http/Controllers/AtualizaPagamentoController.php:23"
[27-Dec-2017 18:11:43] WARNING: [pool www] child 11 said into stderr: "NOTICE: PHP message: PHP  28. Composer\Autoload\includeFile() /var/www/html/api/vendor/composer/ClassLoader.php:322"
[27-Dec-2017 18:11:43] WARNING: [pool www] child 11 said into stderr: "NOTICE: PHP message: PHP  29. include() /var/www/html/api/vendor/composer/ClassLoader.php:444"
[27-Dec-2017 18:11:59] WARNING: [pool www] child 12 said into stderr: "NOTICE: PHP message: PHP Fatal error:  Class App\Publishers\AtualizaPagamentoPublisher contains 1 abstract method and must therefore be declared abstract or implement the remaining methods (App\Publishers\AbstractPublisher::fetch) in /var/www/html/api/app/Publishers/AtualizaPagamentoPublisher.php on line 11"
[27-Dec-2017 18:11:59] WARNING: [pool www] child 12 said into stderr: "NOTICE: PHP message: PHP Stack trace:"
[27-Dec-2017 18:11:59] WARNING: [pool www] child 12 said into stderr: "NOTICE: PHP message: PHP   1. {main}() /var/www/html/api/public/index.php:0"
[27-Dec-2017 18:11:59] WARNING: [pool www] child 12 said into stderr: "NOTICE: PHP message: PHP   2. Laravel\Lumen\Application->run() /var/www/html/api/public/index.php:28"
[27-Dec-2017 18:11:59] WARNING: [pool www] child 12 said into stderr: "NOTICE: PHP message: PHP   3. Laravel\Lumen\Application->dispatch() /var/www/html/api/vendor/laravel/lumen-framework/src/Concerns/RoutesRequests.php:107"
[27-Dec-2017 18:11:59] WARNING: [pool www] child 12 said into stderr: "NOTICE: PHP message: PHP   4. Laravel\Lumen\Application->sendThroughPipeline() /var/www/html/api/vendor/laravel/lumen-framework/src/Concerns/RoutesRequests.php:166"
[27-Dec-2017 18:11:59] WARNING: [pool www] child 12 said into stderr: "NOTICE: PHP message: PHP   5. Laravel\Lumen\Application->Laravel\Lumen\Concerns\{closure}() /var/www/html/api/vendor/laravel/lumen-framework/src/Concerns/RoutesRequests.php:413"
[27-Dec-2017 18:11:59] WARNING: [pool www] child 12 said into stderr: "NOTICE: PHP message: PHP   6. Laravel\Lumen\Application->handleFoundRoute() /var/www/html/api/vendor/laravel/lumen-framework/src/Concerns/RoutesRequests.php:160"
[27-Dec-2017 18:11:59] WARNING: [pool www] child 12 said into stderr: "NOTICE: PHP message: PHP   7. Laravel\Lumen\Application->sendThroughPipeline() /var/www/html/api/vendor/laravel/lumen-framework/src/Concerns/RoutesRequests.php:256"
[27-Dec-2017 18:11:59] WARNING: [pool www] child 12 said into stderr: "NOTICE: PHP message: PHP   8. Laravel\Lumen\Routing\Pipeline->then() /var/www/html/api/vendor/laravel/lumen-framework/src/Concerns/RoutesRequests.php:410"
[27-Dec-2017 18:11:59] WARNING: [pool www] child 12 said into stderr: "NOTICE: PHP message: PHP   9. Laravel\Lumen\Routing\Pipeline->Laravel\Lumen\Routing\{closure}() /var/www/html/api/vendor/illuminate/pipeline/Pipeline.php:102"
[27-Dec-2017 18:11:59] WARNING: [pool www] child 12 said into stderr: "NOTICE: PHP message: PHP  10. call_user_func:{/var/www/html/api/vendor/laravel/lumen-framework/src/Routing/Pipeline.php:32}() /var/www/html/api/vendor/laravel/lumen-framework/src/Routing/Pipeline.php:32"
[27-Dec-2017 18:11:59] WARNING: [pool www] child 12 said into stderr: "NOTICE: PHP message: PHP  11. Laravel\Lumen\Routing\Pipeline->Illuminate\Pipeline\{closure}() /var/www/html/api/vendor/laravel/lumen-framework/src/Routing/Pipeline.php:32"
[27-Dec-2017 18:11:59] WARNING: [pool www] child 12 said into stderr: "NOTICE: PHP message: PHP  12. App\Http\Middleware\Authenticate->handle() /var/www/html/api/vendor/illuminate/pipeline/Pipeline.php:149"
[27-Dec-2017 18:11:59] WARNING: [pool www] child 12 said into stderr: "NOTICE: PHP message: PHP  13. Laravel\Lumen\Routing\Pipeline->Laravel\Lumen\Routing\{closure}() /var/www/html/api/app/Http/Middleware/Authenticate.php:48"
[27-Dec-2017 18:11:59] WARNING: [pool www] child 12 said into stderr: "NOTICE: PHP message: PHP  14. call_user_func:{/var/www/html/api/vendor/laravel/lumen-framework/src/Routing/Pipeline.php:52}() /var/www/html/api/vendor/laravel/lumen-framework/src/Routing/Pipeline.php:52"
[27-Dec-2017 18:11:59] WARNING: [pool www] child 12 said into stderr: "NOTICE: PHP message: PHP  15. Laravel\Lumen\Application->Laravel\Lumen\Concerns\{closure}() /var/www/html/api/vendor/laravel/lumen-framework/src/Routing/Pipeline.php:52"
[27-Dec-2017 18:11:59] WARNING: [pool www] child 12 said into stderr: "NOTICE: PHP message: PHP  16. Laravel\Lumen\Application->callActionOnArrayBasedRoute() /var/www/html/api/vendor/laravel/lumen-framework/src/Concerns/RoutesRequests.php:255"
[27-Dec-2017 18:11:59] WARNING: [pool www] child 12 said into stderr: "NOTICE: PHP message: PHP  17. Laravel\Lumen\Application->callControllerAction() /var/www/html/api/vendor/laravel/lumen-framework/src/Concerns/RoutesRequests.php:275"
[27-Dec-2017 18:11:59] WARNING: [pool www] child 12 said into stderr: "NOTICE: PHP message: PHP  18. Laravel\Lumen\Application->callLumenController() /var/www/html/api/vendor/laravel/lumen-framework/src/Concerns/RoutesRequests.php:313"
[27-Dec-2017 18:11:59] WARNING: [pool www] child 12 said into stderr: "NOTICE: PHP message: PHP  19. Laravel\Lumen\Application->callControllerCallable() /var/www/html/api/vendor/laravel/lumen-framework/src/Concerns/RoutesRequests.php:339"
[27-Dec-2017 18:11:59] WARNING: [pool www] child 12 said into stderr: "NOTICE: PHP message: PHP  20. Laravel\Lumen\Application->call() /var/www/html/api/vendor/laravel/lumen-framework/src/Concerns/RoutesRequests.php:373"
[27-Dec-2017 18:11:59] WARNING: [pool www] child 12 said into stderr: "NOTICE: PHP message: PHP  21. Illuminate\Container\BoundMethod::call() /var/www/html/api/vendor/illuminate/container/Container.php:549"
[27-Dec-2017 18:11:59] WARNING: [pool www] child 12 said into stderr: "NOTICE: PHP message: PHP  22. Illuminate\Container\BoundMethod::callBoundMethod() /var/www/html/api/vendor/illuminate/container/BoundMethod.php:31"
[27-Dec-2017 18:11:59] WARNING: [pool www] child 12 said into stderr: "NOTICE: PHP message: PHP  23. Illuminate\Container\BoundMethod::Illuminate\Container\{closure}() /var/www/html/api/vendor/illuminate/container/BoundMethod.php:87"
[27-Dec-2017 18:11:59] WARNING: [pool www] child 12 said into stderr: "NOTICE: PHP message: PHP  24. call_user_func_array:{/var/www/html/api/vendor/illuminate/container/BoundMethod.php:29}() /var/www/html/api/vendor/illuminate/container/BoundMethod.php:29"
[27-Dec-2017 18:11:59] WARNING: [pool www] child 12 said into stderr: "NOTICE: PHP message: PHP  25. App\Http\Controllers\AtualizaPagamentoController->AtualizaPagamento() /var/www/html/api/vendor/illuminate/container/BoundMethod.php:29"
[27-Dec-2017 18:11:59] WARNING: [pool www] child 12 said into stderr: "NOTICE: PHP message: PHP  26. spl_autoload_call() /var/www/html/api/app/Http/Controllers/AtualizaPagamentoController.php:23"
[27-Dec-2017 18:11:59] WARNING: [pool www] child 12 said into stderr: "NOTICE: PHP message: PHP  27. Composer\Autoload\ClassLoader->loadClass() /var/www/html/api/app/Http/Controllers/AtualizaPagamentoController.php:23"
[27-Dec-2017 18:11:59] WARNING: [pool www] child 12 said into stderr: "NOTICE: PHP message: PHP  28. Composer\Autoload\includeFile() /var/www/html/api/vendor/composer/ClassLoader.php:322"
[27-Dec-2017 18:11:59] WARNING: [pool www] child 12 said into stderr: "NOTICE: PHP message: PHP  29. include() /var/www/html/api/vendor/composer/ClassLoader.php:444"
[27-Dec-2017 18:13:46] WARNING: [pool www] child 12 said into stderr: "NOTICE: PHP message: PHP Fatal error:  Class App\Publishers\AtualizaPagamentoPublisher contains 1 abstract method and must therefore be declared abstract or implement the remaining methods (App\Publishers\AbstractPublisher::fetch) in /var/www/html/api/app/Publishers/AtualizaPagamentoPublisher.php on line 11"
[27-Dec-2017 18:13:46] WARNING: [pool www] child 12 said into stderr: "NOTICE: PHP message: PHP Stack trace:"
[27-Dec-2017 18:13:46] WARNING: [pool www] child 12 said into stderr: "NOTICE: PHP message: PHP   1. {main}() /var/www/html/api/public/index.php:0"
[27-Dec-2017 18:13:46] WARNING: [pool www] child 12 said into stderr: "NOTICE: PHP message: PHP   2. Laravel\Lumen\Application->run() /var/www/html/api/public/index.php:28"
[27-Dec-2017 18:13:46] WARNING: [pool www] child 12 said into stderr: "NOTICE: PHP message: PHP   3. Laravel\Lumen\Application->dispatch() /var/www/html/api/vendor/laravel/lumen-framework/src/Concerns/RoutesRequests.php:107"
[27-Dec-2017 18:13:46] WARNING: [pool www] child 12 said into stderr: "NOTICE: PHP message: PHP   4. Laravel\Lumen\Application->sendThroughPipeline() /var/www/html/api/vendor/laravel/lumen-framework/src/Concerns/RoutesRequests.php:166"
[27-Dec-2017 18:13:46] WARNING: [pool www] child 12 said into stderr: "NOTICE: PHP message: PHP   5. Laravel\Lumen\Application->Laravel\Lumen\Concerns\{closure}() /var/www/html/api/vendor/laravel/lumen-framework/src/Concerns/RoutesRequests.php:413"
[27-Dec-2017 18:13:46] WARNING: [pool www] child 12 said into stderr: "NOTICE: PHP message: PHP   6. Laravel\Lumen\Application->handleFoundRoute() /var/www/html/api/vendor/laravel/lumen-framework/src/Concerns/RoutesRequests.php:160"
[27-Dec-2017 18:13:46] WARNING: [pool www] child 12 said into stderr: "NOTICE: PHP message: PHP   7. Laravel\Lumen\Application->sendThroughPipeline() /var/www/html/api/vendor/laravel/lumen-framework/src/Concerns/RoutesRequests.php:256"
[27-Dec-2017 18:13:46] WARNING: [pool www] child 12 said into stderr: "NOTICE: PHP message: PHP   8. Laravel\Lumen\Routing\Pipeline->then() /var/www/html/api/vendor/laravel/lumen-framework/src/Concerns/RoutesRequests.php:410"
[27-Dec-2017 18:13:46] WARNING: [pool www] child 12 said into stderr: "NOTICE: PHP message: PHP   9. Laravel\Lumen\Routing\Pipeline->Laravel\Lumen\Routing\{closure}() /var/www/html/api/vendor/illuminate/pipeline/Pipeline.php:102"
[27-Dec-2017 18:13:46] WARNING: [pool www] child 12 said into stderr: "NOTICE: PHP message: PHP  10. call_user_func:{/var/www/html/api/vendor/laravel/lumen-framework/src/Routing/Pipeline.php:32}() /var/www/html/api/vendor/laravel/lumen-framework/src/Routing/Pipeline.php:32"
[27-Dec-2017 18:13:46] WARNING: [pool www] child 12 said into stderr: "NOTICE: PHP message: PHP  11. Laravel\Lumen\Routing\Pipeline->Illuminate\Pipeline\{closure}() /var/www/html/api/vendor/laravel/lumen-framework/src/Routing/Pipeline.php:32"
[27-Dec-2017 18:13:46] WARNING: [pool www] child 12 said into stderr: "NOTICE: PHP message: PHP  12. App\Http\Middleware\Authenticate->handle() /var/www/html/api/vendor/illuminate/pipeline/Pipeline.php:149"
[27-Dec-2017 18:13:46] WARNING: [pool www] child 12 said into stderr: "NOTICE: PHP message: PHP  13. Laravel\Lumen\Routing\Pipeline->Laravel\Lumen\Routing\{closure}() /var/www/html/api/app/Http/Middleware/Authenticate.php:48"
[27-Dec-2017 18:13:46] WARNING: [pool www] child 12 said into stderr: "NOTICE: PHP message: PHP  14. call_user_func:{/var/www/html/api/vendor/laravel/lumen-framework/src/Routing/Pipeline.php:52}() /var/www/html/api/vendor/laravel/lumen-framework/src/Routing/Pipeline.php:52"
[27-Dec-2017 18:13:46] WARNING: [pool www] child 12 said into stderr: "NOTICE: PHP message: PHP  15. Laravel\Lumen\Application->Laravel\Lumen\Concerns\{closure}() /var/www/html/api/vendor/laravel/lumen-framework/src/Routing/Pipeline.php:52"
[27-Dec-2017 18:13:46] WARNING: [pool www] child 12 said into stderr: "NOTICE: PHP message: PHP  16. Laravel\Lumen\Application->callActionOnArrayBasedRoute() /var/www/html/api/vendor/laravel/lumen-framework/src/Concerns/RoutesRequests.php:255"
[27-Dec-2017 18:13:46] WARNING: [pool www] child 12 said into stderr: "NOTICE: PHP message: PHP  17. Laravel\Lumen\Application->callControllerAction() /var/www/html/api/vendor/laravel/lumen-framework/src/Concerns/RoutesRequests.php:275"
[27-Dec-2017 18:13:46] WARNING: [pool www] child 12 said into stderr: "NOTICE: PHP message: PHP  18. Laravel\Lumen\Application->callLumenController() /var/www/html/api/vendor/laravel/lumen-framework/src/Concerns/RoutesRequests.php:313"
[27-Dec-2017 18:13:46] WARNING: [pool www] child 12 said into stderr: "NOTICE: PHP message: PHP  19. Laravel\Lumen\Application->callControllerCallable() /var/www/html/api/vendor/laravel/lumen-framework/src/Concerns/RoutesRequests.php:339"
[27-Dec-2017 18:13:46] WARNING: [pool www] child 12 said into stderr: "NOTICE: PHP message: PHP  20. Laravel\Lumen\Application->call() /var/www/html/api/vendor/laravel/lumen-framework/src/Concerns/RoutesRequests.php:373"
[27-Dec-2017 18:13:46] WARNING: [pool www] child 12 said into stderr: "NOTICE: PHP message: PHP  21. Illuminate\Container\BoundMethod::call() /var/www/html/api/vendor/illuminate/container/Container.php:549"
[27-Dec-2017 18:13:46] WARNING: [pool www] child 12 said into stderr: "NOTICE: PHP message: PHP  22. Illuminate\Container\BoundMethod::callBoundMethod() /var/www/html/api/vendor/illuminate/container/BoundMethod.php:31"
[27-Dec-2017 18:13:46] WARNING: [pool www] child 12 said into stderr: "NOTICE: PHP message: PHP  23. Illuminate\Container\BoundMethod::Illuminate\Container\{closure}() /var/www/html/api/vendor/illuminate/container/BoundMethod.php:87"
[27-Dec-2017 18:13:46] WARNING: [pool www] child 12 said into stderr: "NOTICE: PHP message: PHP  24. call_user_func_array:{/var/www/html/api/vendor/illuminate/container/BoundMethod.php:29}() /var/www/html/api/vendor/illuminate/container/BoundMethod.php:29"
[27-Dec-2017 18:13:46] WARNING: [pool www] child 12 said into stderr: "NOTICE: PHP message: PHP  25. App\Http\Controllers\AtualizaPagamentoController->AtualizaPagamento() /var/www/html/api/vendor/illuminate/container/BoundMethod.php:29"
[27-Dec-2017 18:13:46] WARNING: [pool www] child 12 said into stderr: "NOTICE: PHP message: PHP  26. spl_autoload_call() /var/www/html/api/app/Http/Controllers/AtualizaPagamentoController.php:23"
[27-Dec-2017 18:13:46] WARNING: [pool www] child 12 said into stderr: "NOTICE: PHP message: PHP  27. Composer\Autoload\ClassLoader->loadClass() /var/www/html/api/app/Http/Controllers/AtualizaPagamentoController.php:23"
[27-Dec-2017 18:13:46] WARNING: [pool www] child 12 said into stderr: "NOTICE: PHP message: PHP  28. Composer\Autoload\includeFile() /var/www/html/api/vendor/composer/ClassLoader.php:322"
[27-Dec-2017 18:13:46] WARNING: [pool www] child 12 said into stderr: "NOTICE: PHP message: PHP  29. include() /var/www/html/api/vendor/composer/ClassLoader.php:444"
[27-Dec-2017 18:14:38] WARNING: [pool www] child 11 said into stderr: "NOTICE: PHP message: PHP Fatal error:  Multiple access type modifiers are not allowed in /var/www/html/api/app/Publishers/AbstractPublisher.php on line 31"
[27-Dec-2017 18:14:38] WARNING: [pool www] child 11 said into stderr: "NOTICE: PHP message: PHP Stack trace:"
[27-Dec-2017 18:14:38] WARNING: [pool www] child 11 said into stderr: "NOTICE: PHP message: PHP   1. {main}() /var/www/html/api/public/index.php:0"
[27-Dec-2017 18:14:38] WARNING: [pool www] child 11 said into stderr: "NOTICE: PHP message: PHP   2. Laravel\Lumen\Application->run() /var/www/html/api/public/index.php:28"
[27-Dec-2017 18:14:38] WARNING: [pool www] child 11 said into stderr: "NOTICE: PHP message: PHP   3. Laravel\Lumen\Application->dispatch() /var/www/html/api/vendor/laravel/lumen-framework/src/Concerns/RoutesRequests.php:107"
[27-Dec-2017 18:14:38] WARNING: [pool www] child 11 said into stderr: "NOTICE: PHP message: PHP   4. Laravel\Lumen\Application->sendThroughPipeline() /var/www/html/api/vendor/laravel/lumen-framework/src/Concerns/RoutesRequests.php:166"
[27-Dec-2017 18:14:38] WARNING: [pool www] child 11 said into stderr: "NOTICE: PHP message: PHP   5. Laravel\Lumen\Application->Laravel\Lumen\Concerns\{closure}() /var/www/html/api/vendor/laravel/lumen-framework/src/Concerns/RoutesRequests.php:413"
[27-Dec-2017 18:14:38] WARNING: [pool www] child 11 said into stderr: "NOTICE: PHP message: PHP   6. Laravel\Lumen\Application->handleFoundRoute() /var/www/html/api/vendor/laravel/lumen-framework/src/Concerns/RoutesRequests.php:160"
[27-Dec-2017 18:14:38] WARNING: [pool www] child 11 said into stderr: "NOTICE: PHP message: PHP   7. Laravel\Lumen\Application->sendThroughPipeline() /var/www/html/api/vendor/laravel/lumen-framework/src/Concerns/RoutesRequests.php:256"
[27-Dec-2017 18:14:38] WARNING: [pool www] child 11 said into stderr: "NOTICE: PHP message: PHP   8. Laravel\Lumen\Routing\Pipeline->then() /var/www/html/api/vendor/laravel/lumen-framework/src/Concerns/RoutesRequests.php:410"
[27-Dec-2017 18:14:38] WARNING: [pool www] child 11 said into stderr: "NOTICE: PHP message: PHP   9. Laravel\Lumen\Routing\Pipeline->Laravel\Lumen\Routing\{closure}() /var/www/html/api/vendor/illuminate/pipeline/Pipeline.php:102"
[27-Dec-2017 18:14:38] WARNING: [pool www] child 11 said into stderr: "NOTICE: PHP message: PHP  10. call_user_func:{/var/www/html/api/vendor/laravel/lumen-framework/src/Routing/Pipeline.php:32}() /var/www/html/api/vendor/laravel/lumen-framework/src/Routing/Pipeline.php:32"
[27-Dec-2017 18:14:38] WARNING: [pool www] child 11 said into stderr: "NOTICE: PHP message: PHP  11. Laravel\Lumen\Routing\Pipeline->Illuminate\Pipeline\{closure}() /var/www/html/api/vendor/laravel/lumen-framework/src/Routing/Pipeline.php:32"
[27-Dec-2017 18:14:38] WARNING: [pool www] child 11 said into stderr: "NOTICE: PHP message: PHP  12. App\Http\Middleware\Authenticate->handle() /var/www/html/api/vendor/illuminate/pipeline/Pipeline.php:149"
[27-Dec-2017 18:14:38] WARNING: [pool www] child 11 said into stderr: "NOTICE: PHP message: PHP  13. Laravel\Lumen\Routing\Pipeline->Laravel\Lumen\Routing\{closure}() /var/www/html/api/app/Http/Middleware/Authenticate.php:48"
[27-Dec-2017 18:14:38] WARNING: [pool www] child 11 said into stderr: "NOTICE: PHP message: PHP  14. call_user_func:{/var/www/html/api/vendor/laravel/lumen-framework/src/Routing/Pipeline.php:52}() /var/www/html/api/vendor/laravel/lumen-framework/src/Routing/Pipeline.php:52"
[27-Dec-2017 18:14:38] WARNING: [pool www] child 11 said into stderr: "NOTICE: PHP message: PHP  15. Laravel\Lumen\Application->Laravel\Lumen\Concerns\{closure}() /var/www/html/api/vendor/laravel/lumen-framework/src/Routing/Pipeline.php:52"
[27-Dec-2017 18:14:38] WARNING: [pool www] child 11 said into stderr: "NOTICE: PHP message: PHP  16. Laravel\Lumen\Application->callActionOnArrayBasedRoute() /var/www/html/api/vendor/laravel/lumen-framework/src/Concerns/RoutesRequests.php:255"
[27-Dec-2017 18:14:38] WARNING: [pool www] child 11 said into stderr: "NOTICE: PHP message: PHP  17. Laravel\Lumen\Application->callControllerAction() /var/www/html/api/vendor/laravel/lumen-framework/src/Concerns/RoutesRequests.php:275"
[27-Dec-2017 18:14:38] WARNING: [pool www] child 11 said into stderr: "NOTICE: PHP message: PHP  18. Laravel\Lumen\Application->callLumenController() /var/www/html/api/vendor/laravel/lumen-framework/src/Concerns/RoutesRequests.php:313"
[27-Dec-2017 18:14:38] WARNING: [pool www] child 11 said into stderr: "NOTICE: PHP message: PHP  19. Laravel\Lumen\Application->callControllerCallable() /var/www/html/api/vendor/laravel/lumen-framework/src/Concerns/RoutesRequests.php:339"
[27-Dec-2017 18:14:38] WARNING: [pool www] child 11 said into stderr: "NOTICE: PHP message: PHP  20. Laravel\Lumen\Application->call() /var/www/html/api/vendor/laravel/lumen-framework/src/Concerns/RoutesRequests.php:373"
[27-Dec-2017 18:14:38] WARNING: [pool www] child 11 said into stderr: "NOTICE: PHP message: PHP  21. Illuminate\Container\BoundMethod::call() /var/www/html/api/vendor/illuminate/container/Container.php:549"
[27-Dec-2017 18:14:38] WARNING: [pool www] child 11 said into stderr: "NOTICE: PHP message: PHP  22. Illuminate\Container\BoundMethod::callBoundMethod() /var/www/html/api/vendor/illuminate/container/BoundMethod.php:31"
[27-Dec-2017 18:14:38] WARNING: [pool www] child 11 said into stderr: "NOTICE: PHP message: PHP  23. Illuminate\Container\BoundMethod::Illuminate\Container\{closure}() /var/www/html/api/vendor/illuminate/container/BoundMethod.php:87"
[27-Dec-2017 18:14:38] WARNING: [pool www] child 11 said into stderr: "NOTICE: PHP message: PHP  24. call_user_func_array:{/var/www/html/api/vendor/illuminate/container/BoundMethod.php:29}() /var/www/html/api/vendor/illuminate/container/BoundMethod.php:29"
[27-Dec-2017 18:14:38] WARNING: [pool www] child 11 said into stderr: "NOTICE: PHP message: PHP  25. App\Http\Controllers\AtualizaPagamentoController->AtualizaPagamento() /var/www/html/api/vendor/illuminate/container/BoundMethod.php:29"
[27-Dec-2017 18:14:38] WARNING: [pool www] child 11 said into stderr: "NOTICE: PHP message: PHP  26. spl_autoload_call() /var/www/html/api/app/Http/Controllers/AtualizaPagamentoController.php:23"
[27-Dec-2017 18:14:38] WARNING: [pool www] child 11 said into stderr: "NOTICE: PHP message: PHP  27. Composer\Autoload\ClassLoader->loadClass() /var/www/html/api/app/Http/Controllers/AtualizaPagamentoController.php:23"
[27-Dec-2017 18:14:38] WARNING: [pool www] child 11 said into stderr: "NOTICE: PHP message: PHP  28. Composer\Autoload\includeFile() /var/www/html/api/vendor/composer/ClassLoader.php:322"
[27-Dec-2017 18:14:38] WARNING: [pool www] child 11 said into stderr: "NOTICE: PHP message: PHP  29. include() /var/www/html/api/vendor/composer/ClassLoader.php:444"
[27-Dec-2017 18:14:38] WARNING: [pool www] child 11 said into stderr: "NOTICE: PHP message: PHP  30. spl_autoload_call() /var/www/html/api/app/Publishers/AtualizaPagamentoPublisher.php:11"
[27-Dec-2017 18:14:38] WARNING: [pool www] child 11 said into stderr: "NOTICE: PHP message: PHP  31. Composer\Autoload\ClassLoader->loadClass() /var/www/html/api/app/Publishers/AtualizaPagamentoPublisher.php:11"
[27-Dec-2017 18:14:38] WARNING: [pool www] child 11 said into stderr: "NOTICE: PHP message: PHP  32. Composer\Autoload\includeFile() /var/www/html/api/vendor/composer/ClassLoader.php:322"
[27-Dec-2017 18:15:36] WARNING: [pool www] child 12 said into stderr: "NOTICE: PHP message: PHP Fatal error:  Class App\Publishers\AtualizaPagamentoPublisher contains 1 abstract method and must therefore be declared abstract or implement the remaining methods (App\Publishers\AbstractPublisher::fetch) in /var/www/html/api/app/Publishers/AtualizaPagamentoPublisher.php on line 11"
[27-Dec-2017 18:15:36] WARNING: [pool www] child 12 said into stderr: "NOTICE: PHP message: PHP Stack trace:"
[27-Dec-2017 18:15:36] WARNING: [pool www] child 12 said into stderr: "NOTICE: PHP message: PHP   1. {main}() /var/www/html/api/public/index.php:0"
[27-Dec-2017 18:15:36] WARNING: [pool www] child 12 said into stderr: "NOTICE: PHP message: PHP   2. Laravel\Lumen\Application->run() /var/www/html/api/public/index.php:28"
[27-Dec-2017 18:15:36] WARNING: [pool www] child 12 said into stderr: "NOTICE: PHP message: PHP   3. Laravel\Lumen\Application->dispatch() /var/www/html/api/vendor/laravel/lumen-framework/src/Concerns/RoutesRequests.php:107"
[27-Dec-2017 18:15:36] WARNING: [pool www] child 12 said into stderr: "NOTICE: PHP message: PHP   4. Laravel\Lumen\Application->sendThroughPipeline() /var/www/html/api/vendor/laravel/lumen-framework/src/Concerns/RoutesRequests.php:166"
[27-Dec-2017 18:15:36] WARNING: [pool www] child 12 said into stderr: "NOTICE: PHP message: PHP   5. Laravel\Lumen\Application->Laravel\Lumen\Concerns\{closure}() /var/www/html/api/vendor/laravel/lumen-framework/src/Concerns/RoutesRequests.php:413"
[27-Dec-2017 18:15:36] WARNING: [pool www] child 12 said into stderr: "NOTICE: PHP message: PHP   6. Laravel\Lumen\Application->handleFoundRoute() /var/www/html/api/vendor/laravel/lumen-framework/src/Concerns/RoutesRequests.php:160"
[27-Dec-2017 18:15:36] WARNING: [pool www] child 12 said into stderr: "NOTICE: PHP message: PHP   7. Laravel\Lumen\Application->sendThroughPipeline() /var/www/html/api/vendor/laravel/lumen-framework/src/Concerns/RoutesRequests.php:256"
[27-Dec-2017 18:15:36] WARNING: [pool www] child 12 said into stderr: "NOTICE: PHP message: PHP   8. Laravel\Lumen\Routing\Pipeline->then() /var/www/html/api/vendor/laravel/lumen-framework/src/Concerns/RoutesRequests.php:410"
[27-Dec-2017 18:15:36] WARNING: [pool www] child 12 said into stderr: "NOTICE: PHP message: PHP   9. Laravel\Lumen\Routing\Pipeline->Laravel\Lumen\Routing\{closure}() /var/www/html/api/vendor/illuminate/pipeline/Pipeline.php:102"
[27-Dec-2017 18:15:36] WARNING: [pool www] child 12 said into stderr: "NOTICE: PHP message: PHP  10. call_user_func:{/var/www/html/api/vendor/laravel/lumen-framework/src/Routing/Pipeline.php:32}() /var/www/html/api/vendor/laravel/lumen-framework/src/Routing/Pipeline.php:32"
[27-Dec-2017 18:15:36] WARNING: [pool www] child 12 said into stderr: "NOTICE: PHP message: PHP  11. Laravel\Lumen\Routing\Pipeline->Illuminate\Pipeline\{closure}() /var/www/html/api/vendor/laravel/lumen-framework/src/Routing/Pipeline.php:32"
[27-Dec-2017 18:15:36] WARNING: [pool www] child 12 said into stderr: "NOTICE: PHP message: PHP  12. App\Http\Middleware\Authenticate->handle() /var/www/html/api/vendor/illuminate/pipeline/Pipeline.php:149"
[27-Dec-2017 18:15:36] WARNING: [pool www] child 12 said into stderr: "NOTICE: PHP message: PHP  13. Laravel\Lumen\Routing\Pipeline->Laravel\Lumen\Routing\{closure}() /var/www/html/api/app/Http/Middleware/Authenticate.php:48"
[27-Dec-2017 18:15:36] WARNING: [pool www] child 12 said into stderr: "NOTICE: PHP message: PHP  14. call_user_func:{/var/www/html/api/vendor/laravel/lumen-framework/src/Routing/Pipeline.php:52}() /var/www/html/api/vendor/laravel/lumen-framework/src/Routing/Pipeline.php:52"
[27-Dec-2017 18:15:36] WARNING: [pool www] child 12 said into stderr: "NOTICE: PHP message: PHP  15. Laravel\Lumen\Application->Laravel\Lumen\Concerns\{closure}() /var/www/html/api/vendor/laravel/lumen-framework/src/Routing/Pipeline.php:52"
[27-Dec-2017 18:15:36] WARNING: [pool www] child 12 said into stderr: "NOTICE: PHP message: PHP  16. Laravel\Lumen\Application->callActionOnArrayBasedRoute() /var/www/html/api/vendor/laravel/lumen-framework/src/Concerns/RoutesRequests.php:255"
[27-Dec-2017 18:15:36] WARNING: [pool www] child 12 said into stderr: "NOTICE: PHP message: PHP  17. Laravel\Lumen\Application->callControllerAction() /var/www/html/api/vendor/laravel/lumen-framework/src/Concerns/RoutesRequests.php:275"
[27-Dec-2017 18:15:36] WARNING: [pool www] child 12 said into stderr: "NOTICE: PHP message: PHP  18. Laravel\Lumen\Application->callLumenController() /var/www/html/api/vendor/laravel/lumen-framework/src/Concerns/RoutesRequests.php:313"
[27-Dec-2017 18:15:36] WARNING: [pool www] child 12 said into stderr: "NOTICE: PHP message: PHP  19. Laravel\Lumen\Application->callControllerCallable() /var/www/html/api/vendor/laravel/lumen-framework/src/Concerns/RoutesRequests.php:339"
[27-Dec-2017 18:15:36] WARNING: [pool www] child 12 said into stderr: "NOTICE: PHP message: PHP  20. Laravel\Lumen\Application->call() /var/www/html/api/vendor/laravel/lumen-framework/src/Concerns/RoutesRequests.php:373"
[27-Dec-2017 18:15:36] WARNING: [pool www] child 12 said into stderr: "NOTICE: PHP message: PHP  21. Illuminate\Container\BoundMethod::call() /var/www/html/api/vendor/illuminate/container/Container.php:549"
[27-Dec-2017 18:15:36] WARNING: [pool www] child 12 said into stderr: "NOTICE: PHP message: PHP  22. Illuminate\Container\BoundMethod::callBoundMethod() /var/www/html/api/vendor/illuminate/container/BoundMethod.php:31"
[27-Dec-2017 18:15:36] WARNING: [pool www] child 12 said into stderr: "NOTICE: PHP message: PHP  23. Illuminate\Container\BoundMethod::Illuminate\Container\{closure}() /var/www/html/api/vendor/illuminate/container/BoundMethod.php:87"
[27-Dec-2017 18:15:36] WARNING: [pool www] child 12 said into stderr: "NOTICE: PHP message: PHP  24. call_user_func_array:{/var/www/html/api/vendor/illuminate/container/BoundMethod.php:29}() /var/www/html/api/vendor/illuminate/container/BoundMethod.php:29"
[27-Dec-2017 18:15:36] WARNING: [pool www] child 12 said into stderr: "NOTICE: PHP message: PHP  25. App\Http\Controllers\AtualizaPagamentoController->AtualizaPagamento() /var/www/html/api/vendor/illuminate/container/BoundMethod.php:29"
[27-Dec-2017 18:15:36] WARNING: [pool www] child 12 said into stderr: "NOTICE: PHP message: PHP  26. spl_autoload_call() /var/www/html/api/app/Http/Controllers/AtualizaPagamentoController.php:23"
[27-Dec-2017 18:15:36] WARNING: [pool www] child 12 said into stderr: "NOTICE: PHP message: PHP  27. Composer\Autoload\ClassLoader->loadClass() /var/www/html/api/app/Http/Controllers/AtualizaPagamentoController.php:23"
[27-Dec-2017 18:15:36] WARNING: [pool www] child 12 said into stderr: "NOTICE: PHP message: PHP  28. Composer\Autoload\includeFile() /var/www/html/api/vendor/composer/ClassLoader.php:322"
[27-Dec-2017 18:15:36] WARNING: [pool www] child 12 said into stderr: "NOTICE: PHP message: PHP  29. include() /var/www/html/api/vendor/composer/ClassLoader.php:444"
[27-Dec-2017 18:26:41] WARNING: [pool www] child 11 said into stderr: "NOTICE: PHP message: PHP Fatal error:  Cannot use App\Requests\AtualizaPagamentoRule as AtualizaPagamentoRule because the name is already in use in /var/www/html/api/app/Consumers/AtualizaPagamentoConsumer.php on line 10"
[27-Dec-2017 18:26:41] WARNING: [pool www] child 11 said into stderr: "NOTICE: PHP message: PHP Stack trace:"
[27-Dec-2017 18:26:41] WARNING: [pool www] child 11 said into stderr: "NOTICE: PHP message: PHP   1. {main}() /var/www/html/api/public/index.php:0"
[27-Dec-2017 18:26:41] WARNING: [pool www] child 11 said into stderr: "NOTICE: PHP message: PHP   2. Laravel\Lumen\Application->run() /var/www/html/api/public/index.php:28"
[27-Dec-2017 18:26:41] WARNING: [pool www] child 11 said into stderr: "NOTICE: PHP message: PHP   3. Laravel\Lumen\Application->dispatch() /var/www/html/api/vendor/laravel/lumen-framework/src/Concerns/RoutesRequests.php:107"
[27-Dec-2017 18:26:41] WARNING: [pool www] child 11 said into stderr: "NOTICE: PHP message: PHP   4. Laravel\Lumen\Application->sendThroughPipeline() /var/www/html/api/vendor/laravel/lumen-framework/src/Concerns/RoutesRequests.php:166"
[27-Dec-2017 18:26:41] WARNING: [pool www] child 11 said into stderr: "NOTICE: PHP message: PHP   5. Laravel\Lumen\Application->Laravel\Lumen\Concerns\{closure}() /var/www/html/api/vendor/laravel/lumen-framework/src/Concerns/RoutesRequests.php:413"
[27-Dec-2017 18:26:41] WARNING: [pool www] child 11 said into stderr: "NOTICE: PHP message: PHP   6. Laravel\Lumen\Application->handleFoundRoute() /var/www/html/api/vendor/laravel/lumen-framework/src/Concerns/RoutesRequests.php:160"
[27-Dec-2017 18:26:41] WARNING: [pool www] child 11 said into stderr: "NOTICE: PHP message: PHP   7. Laravel\Lumen\Application->sendThroughPipeline() /var/www/html/api/vendor/laravel/lumen-framework/src/Concerns/RoutesRequests.php:256"
[27-Dec-2017 18:26:41] WARNING: [pool www] child 11 said into stderr: "NOTICE: PHP message: PHP   8. Laravel\Lumen\Routing\Pipeline->then() /var/www/html/api/vendor/laravel/lumen-framework/src/Concerns/RoutesRequests.php:410"
[27-Dec-2017 18:26:41] WARNING: [pool www] child 11 said into stderr: "NOTICE: PHP message: PHP   9. Laravel\Lumen\Routing\Pipeline->Laravel\Lumen\Routing\{closure}() /var/www/html/api/vendor/illuminate/pipeline/Pipeline.php:102"
[27-Dec-2017 18:26:41] WARNING: [pool www] child 11 said into stderr: "NOTICE: PHP message: PHP  10. call_user_func:{/var/www/html/api/vendor/laravel/lumen-framework/src/Routing/Pipeline.php:32}() /var/www/html/api/vendor/laravel/lumen-framework/src/Routing/Pipeline.php:32"
[27-Dec-2017 18:26:41] WARNING: [pool www] child 11 said into stderr: "NOTICE: PHP message: PHP  11. Laravel\Lumen\Routing\Pipeline->Illuminate\Pipeline\{closure}() /var/www/html/api/vendor/laravel/lumen-framework/src/Routing/Pipeline.php:32"
[27-Dec-2017 18:26:41] WARNING: [pool www] child 11 said into stderr: "NOTICE: PHP message: PHP  12. App\Http\Middleware\Authenticate->handle() /var/www/html/api/vendor/illuminate/pipeline/Pipeline.php:149"
[27-Dec-2017 18:26:41] WARNING: [pool www] child 11 said into stderr: "NOTICE: PHP message: PHP  13. Laravel\Lumen\Routing\Pipeline->Laravel\Lumen\Routing\{closure}() /var/www/html/api/app/Http/Middleware/Authenticate.php:48"
[27-Dec-2017 18:26:41] WARNING: [pool www] child 11 said into stderr: "NOTICE: PHP message: PHP  14. call_user_func:{/var/www/html/api/vendor/laravel/lumen-framework/src/Routing/Pipeline.php:52}() /var/www/html/api/vendor/laravel/lumen-framework/src/Routing/Pipeline.php:52"
[27-Dec-2017 18:26:41] WARNING: [pool www] child 11 said into stderr: "NOTICE: PHP message: PHP  15. Laravel\Lumen\Application->Laravel\Lumen\Concerns\{closure}() /var/www/html/api/vendor/laravel/lumen-framework/src/Routing/Pipeline.php:52"
[27-Dec-2017 18:26:41] WARNING: [pool www] child 11 said into stderr: "NOTICE: PHP message: PHP  16. Laravel\Lumen\Application->callActionOnArrayBasedRoute() /var/www/html/api/vendor/laravel/lumen-framework/src/Concerns/RoutesRequests.php:255"
[27-Dec-2017 18:26:41] WARNING: [pool www] child 11 said into stderr: "NOTICE: PHP message: PHP  17. Laravel\Lumen\Application->callControllerAction() /var/www/html/api/vendor/laravel/lumen-framework/src/Concerns/RoutesRequests.php:275"
[27-Dec-2017 18:26:41] WARNING: [pool www] child 11 said into stderr: "NOTICE: PHP message: PHP  18. Laravel\Lumen\Application->callLumenController() /var/www/html/api/vendor/laravel/lumen-framework/src/Concerns/RoutesRequests.php:313"
[27-Dec-2017 18:26:41] WARNING: [pool www] child 11 said into stderr: "NOTICE: PHP message: PHP  19. Laravel\Lumen\Application->callControllerCallable() /var/www/html/api/vendor/laravel/lumen-framework/src/Concerns/RoutesRequests.php:339"
[27-Dec-2017 18:26:41] WARNING: [pool www] child 11 said into stderr: "NOTICE: PHP message: PHP  20. Laravel\Lumen\Application->call() /var/www/html/api/vendor/laravel/lumen-framework/src/Concerns/RoutesRequests.php:373"
[27-Dec-2017 18:26:41] WARNING: [pool www] child 11 said into stderr: "NOTICE: PHP message: PHP  21. Illuminate\Container\BoundMethod::call() /var/www/html/api/vendor/illuminate/container/Container.php:549"
[27-Dec-2017 18:26:41] WARNING: [pool www] child 11 said into stderr: "NOTICE: PHP message: PHP  22. Illuminate\Container\BoundMethod::callBoundMethod() /var/www/html/api/vendor/illuminate/container/BoundMethod.php:31"
[27-Dec-2017 18:26:41] WARNING: [pool www] child 11 said into stderr: "NOTICE: PHP message: PHP  23. Illuminate\Container\BoundMethod::Illuminate\Container\{closure}() /var/www/html/api/vendor/illuminate/container/BoundMethod.php:87"
[27-Dec-2017 18:26:41] WARNING: [pool www] child 11 said into stderr: "NOTICE: PHP message: PHP  24. call_user_func_array:{/var/www/html/api/vendor/illuminate/container/BoundMethod.php:29}() /var/www/html/api/vendor/illuminate/container/BoundMethod.php:29"
[27-Dec-2017 18:26:41] WARNING: [pool www] child 11 said into stderr: "NOTICE: PHP message: PHP  25. App\Http\Controllers\AtualizaPagamentoController->AtualizaPagamento() /var/www/html/api/vendor/illuminate/container/BoundMethod.php:29"
[27-Dec-2017 18:26:41] WARNING: [pool www] child 11 said into stderr: "NOTICE: PHP message: PHP  26. App\Publishers\AtualizaPagamentoPublisher->updatePay() /var/www/html/api/app/Http/Controllers/AtualizaPagamentoController.php:25"
[27-Dec-2017 18:26:41] WARNING: [pool www] child 11 said into stderr: "NOTICE: PHP message: PHP  27. spl_autoload_call() /var/www/html/api/app/Publishers/AtualizaPagamentoPublisher.php:20"
[27-Dec-2017 18:26:41] WARNING: [pool www] child 11 said into stderr: "NOTICE: PHP message: PHP  28. Composer\Autoload\ClassLoader->loadClass() /var/www/html/api/app/Publishers/AtualizaPagamentoPublisher.php:20"
[27-Dec-2017 18:26:41] WARNING: [pool www] child 11 said into stderr: "NOTICE: PHP message: PHP  29. Composer\Autoload\includeFile() /var/www/html/api/vendor/composer/ClassLoader.php:322"
[04-Jan-2018 13:29:03] NOTICE: Terminating ...
[04-Jan-2018 13:29:04] NOTICE: exiting, bye-bye!
[05-Jan-2018 13:14:39] NOTICE: fpm is running, pid 10
[05-Jan-2018 13:14:39] NOTICE: ready to handle connections
[05-Jan-2018 13:14:40] NOTICE: systemd monitor interval set to 10000ms
[08-Jan-2018 17:34:55] NOTICE: Terminating ...
[08-Jan-2018 17:34:55] NOTICE: exiting, bye-bye!
[08-Jan-2018 18:22:47] NOTICE: fpm is running, pid 10
[08-Jan-2018 18:22:47] NOTICE: ready to handle connections
[08-Jan-2018 18:22:47] NOTICE: systemd monitor interval set to 10000ms
[09-Jan-2018 15:51:07] WARNING: [pool www] child 13 said into stderr: "NOTICE: PHP message: PHP Fatal error:  Cannot use App\Models\ModelOrdemServico as ModelOrdemServico because the name is already in use in /var/www/html/api/app/Publishers/Rac/OrdemServicoPublisher.php on line 13"
[09-Jan-2018 15:51:07] WARNING: [pool www] child 13 said into stderr: "NOTICE: PHP message: PHP Stack trace:"
[09-Jan-2018 15:51:07] WARNING: [pool www] child 13 said into stderr: "NOTICE: PHP message: PHP   1. {main}() /var/www/html/api/public/index.php:0"
[09-Jan-2018 15:51:07] WARNING: [pool www] child 13 said into stderr: "NOTICE: PHP message: PHP   2. Laravel\Lumen\Application->run() /var/www/html/api/public/index.php:28"
[09-Jan-2018 15:51:07] WARNING: [pool www] child 13 said into stderr: "NOTICE: PHP message: PHP   3. Laravel\Lumen\Application->dispatch() /var/www/html/api/vendor/laravel/lumen-framework/src/Concerns/RoutesRequests.php:107"
[09-Jan-2018 15:51:07] WARNING: [pool www] child 13 said into stderr: "NOTICE: PHP message: PHP   4. Laravel\Lumen\Application->sendThroughPipeline() /var/www/html/api/vendor/laravel/lumen-framework/src/Concerns/RoutesRequests.php:166"
[09-Jan-2018 15:51:07] WARNING: [pool www] child 13 said into stderr: "NOTICE: PHP message: PHP   5. Laravel\Lumen\Application->Laravel\Lumen\Concerns\{closure}() /var/www/html/api/vendor/laravel/lumen-framework/src/Concerns/RoutesRequests.php:413"
[09-Jan-2018 15:51:07] WARNING: [pool www] child 13 said into stderr: "NOTICE: PHP message: PHP   6. Laravel\Lumen\Application->handleFoundRoute() /var/www/html/api/vendor/laravel/lumen-framework/src/Concerns/RoutesRequests.php:160"
[09-Jan-2018 15:51:07] WARNING: [pool www] child 13 said into stderr: "NOTICE: PHP message: PHP   7. Laravel\Lumen\Application->sendThroughPipeline() /var/www/html/api/vendor/laravel/lumen-framework/src/Concerns/RoutesRequests.php:256"
[09-Jan-2018 15:51:07] WARNING: [pool www] child 13 said into stderr: "NOTICE: PHP message: PHP   8. Laravel\Lumen\Routing\Pipeline->then() /var/www/html/api/vendor/laravel/lumen-framework/src/Concerns/RoutesRequests.php:410"
[09-Jan-2018 15:51:07] WARNING: [pool www] child 13 said into stderr: "NOTICE: PHP message: PHP   9. Laravel\Lumen\Routing\Pipeline->Laravel\Lumen\Routing\{closure}() /var/www/html/api/vendor/illuminate/pipeline/Pipeline.php:102"
[09-Jan-2018 15:51:07] WARNING: [pool www] child 13 said into stderr: "NOTICE: PHP message: PHP  10. call_user_func:{/var/www/html/api/vendor/laravel/lumen-framework/src/Routing/Pipeline.php:32}() /var/www/html/api/vendor/laravel/lumen-framework/src/Routing/Pipeline.php:32"
[09-Jan-2018 15:51:07] WARNING: [pool www] child 13 said into stderr: "NOTICE: PHP message: PHP  11. Laravel\Lumen\Routing\Pipeline->Illuminate\Pipeline\{closure}() /var/www/html/api/vendor/laravel/lumen-framework/src/Routing/Pipeline.php:32"
[09-Jan-2018 15:51:07] WARNING: [pool www] child 13 said into stderr: "NOTICE: PHP message: PHP  12. App\Http\Middleware\Authenticate->handle() /var/www/html/api/vendor/illuminate/pipeline/Pipeline.php:149"
[09-Jan-2018 15:51:07] WARNING: [pool www] child 13 said into stderr: "NOTICE: PHP message: PHP  13. Laravel\Lumen\Routing\Pipeline->Laravel\Lumen\Routing\{closure}() /var/www/html/api/app/Http/Middleware/Authenticate.php:48"
[09-Jan-2018 15:51:07] WARNING: [pool www] child 13 said into stderr: "NOTICE: PHP message: PHP  14. call_user_func:{/var/www/html/api/vendor/laravel/lumen-framework/src/Routing/Pipeline.php:52}() /var/www/html/api/vendor/laravel/lumen-framework/src/Routing/Pipeline.php:52"
[09-Jan-2018 15:51:07] WARNING: [pool www] child 13 said into stderr: "NOTICE: PHP message: PHP  15. Laravel\Lumen\Application->Laravel\Lumen\Concerns\{closure}() /var/www/html/api/vendor/laravel/lumen-framework/src/Routing/Pipeline.php:52"
[09-Jan-2018 15:51:07] WARNING: [pool www] child 13 said into stderr: "NOTICE: PHP message: PHP  16. Laravel\Lumen\Application->callActionOnArrayBasedRoute() /var/www/html/api/vendor/laravel/lumen-framework/src/Concerns/RoutesRequests.php:255"
[09-Jan-2018 15:51:07] WARNING: [pool www] child 13 said into stderr: "NOTICE: PHP message: PHP  17. Laravel\Lumen\Application->callControllerAction() /var/www/html/api/vendor/laravel/lumen-framework/src/Concerns/RoutesRequests.php:275"
[09-Jan-2018 15:51:07] WARNING: [pool www] child 13 said into stderr: "NOTICE: PHP message: PHP  18. Laravel\Lumen\Application->callLumenController() /var/www/html/api/vendor/laravel/lumen-framework/src/Concerns/RoutesRequests.php:313"
[09-Jan-2018 15:51:07] WARNING: [pool www] child 13 said into stderr: "NOTICE: PHP message: PHP  19. Laravel\Lumen\Application->callControllerCallable() /var/www/html/api/vendor/laravel/lumen-framework/src/Concerns/RoutesRequests.php:339"
[09-Jan-2018 15:51:07] WARNING: [pool www] child 13 said into stderr: "NOTICE: PHP message: PHP  20. Laravel\Lumen\Application->call() /var/www/html/api/vendor/laravel/lumen-framework/src/Concerns/RoutesRequests.php:373"
[09-Jan-2018 15:51:07] WARNING: [pool www] child 13 said into stderr: "NOTICE: PHP message: PHP  21. Illuminate\Container\BoundMethod::call() /var/www/html/api/vendor/illuminate/container/Container.php:549"
[09-Jan-2018 15:51:07] WARNING: [pool www] child 13 said into stderr: "NOTICE: PHP message: PHP  22. Illuminate\Container\BoundMethod::callBoundMethod() /var/www/html/api/vendor/illuminate/container/BoundMethod.php:31"
[09-Jan-2018 15:51:07] WARNING: [pool www] child 13 said into stderr: "NOTICE: PHP message: PHP  23. Illuminate\Container\BoundMethod::Illuminate\Container\{closure}() /var/www/html/api/vendor/illuminate/container/BoundMethod.php:87"
[09-Jan-2018 15:51:07] WARNING: [pool www] child 13 said into stderr: "NOTICE: PHP message: PHP  24. call_user_func_array:{/var/www/html/api/vendor/illuminate/container/BoundMethod.php:29}() /var/www/html/api/vendor/illuminate/container/BoundMethod.php:29"
[09-Jan-2018 15:51:07] WARNING: [pool www] child 13 said into stderr: "NOTICE: PHP message: PHP  25. App\Http\Controllers\RacController->EnviaOrdemServico() /var/www/html/api/vendor/illuminate/container/BoundMethod.php:29"
[09-Jan-2018 15:51:07] WARNING: [pool www] child 13 said into stderr: "NOTICE: PHP message: PHP  26. spl_autoload_call() /var/www/html/api/app/Http/Controllers/RacController.php:118"
[09-Jan-2018 15:51:07] WARNING: [pool www] child 13 said into stderr: "NOTICE: PHP message: PHP  27. Composer\Autoload\ClassLoader->loadClass() /var/www/html/api/app/Http/Controllers/RacController.php:118"
[09-Jan-2018 15:51:07] WARNING: [pool www] child 13 said into stderr: "NOTICE: PHP message: PHP  28. Composer\Autoload\includeFile() /var/www/html/api/vendor/composer/ClassLoader.php:322"
[12-Jan-2018 11:46:33] WARNING: [pool www] child 12 said into stderr: "NOTICE: PHP message: PHP Fatal error:  Uncaught Bunny\Exception\ClientException: Connection closed by server: CHANNEL_ERROR - expected 'channel.open' in /var/www/html/api/vendor/bunny/bunny/src/Bunny/AbstractClient.php:415"
[12-Jan-2018 11:46:33] WARNING: [pool www] child 12 said into stderr: "Stack trace:"
[12-Jan-2018 11:46:33] WARNING: [pool www] child 12 said into stderr: "#0 /var/www/html/api/vendor/bunny/bunny/src/Bunny/Client.php(225): Bunny\AbstractClient->onFrameReceived(Object(Bunny\Protocol\MethodConnectionCloseFrame))"
[12-Jan-2018 11:46:33] WARNING: [pool www] child 12 said into stderr: "#1 /var/www/html/api/vendor/bunny/bunny/src/Bunny/Client.php(62): Bunny\Client->run()"
[12-Jan-2018 11:46:33] WARNING: [pool www] child 12 said into stderr: "#2 [internal function]: Bunny\Client->__destruct()"
[12-Jan-2018 11:46:33] WARNING: [pool www] child 12 said into stderr: "#3 {main}"
[12-Jan-2018 11:46:33] WARNING: [pool www] child 12 said into stderr: "  thrown in /var/www/html/api/vendor/bunny/bunny/src/Bunny/AbstractClient.php on line 415"
[16-Jan-2018 21:16:24] NOTICE: Terminating ...
[16-Jan-2018 21:16:27] NOTICE: exiting, bye-bye!
[17-Jan-2018 12:17:54] NOTICE: fpm is running, pid 9
[17-Jan-2018 12:17:54] NOTICE: ready to handle connections
[17-Jan-2018 12:17:54] NOTICE: systemd monitor interval set to 10000ms
[17-Jan-2018 14:41:51] WARNING: [pool www] child 12 said into stderr: "NOTICE: PHP message: PHP Warning:  require_once(/var/www/html/api/bootstrap/../vendor/autoload.php): failed to open stream: No such file or directory in /var/www/html/api/bootstrap/app.php on line 3"
[17-Jan-2018 14:41:51] WARNING: [pool www] child 12 said into stderr: "NOTICE: PHP message: PHP Stack trace:"
[17-Jan-2018 14:41:51] WARNING: [pool www] child 12 said into stderr: "NOTICE: PHP message: PHP   1. {main}() /var/www/html/api/public/index.php:0"
[17-Jan-2018 14:41:51] WARNING: [pool www] child 12 said into stderr: "NOTICE: PHP message: PHP   2. require() /var/www/html/api/public/index.php:14"
[17-Jan-2018 14:41:51] WARNING: [pool www] child 12 said into stderr: "NOTICE: PHP message: PHP Fatal error:  require_once(): Failed opening required '/var/www/html/api/bootstrap/../vendor/autoload.php' (include_path='.:/usr/share/php') in /var/www/html/api/bootstrap/app.php on line 3"
[17-Jan-2018 14:41:51] WARNING: [pool www] child 12 said into stderr: "NOTICE: PHP message: PHP Stack trace:"
[17-Jan-2018 14:41:51] WARNING: [pool www] child 12 said into stderr: "NOTICE: PHP message: PHP   1. {main}() /var/www/html/api/public/index.php:0"
[17-Jan-2018 14:41:51] WARNING: [pool www] child 12 said into stderr: "NOTICE: PHP message: PHP   2. require() /var/www/html/api/public/index.php:14"
[17-Jan-2018 14:55:49] WARNING: [pool www] child 11 said into stderr: "NOTICE: PHP message: PHP Warning:  require_once(/var/www/html/api/bootstrap/../vendor/autoload.php): failed to open stream: No such file or directory in /var/www/html/api/bootstrap/app.php on line 3"
[17-Jan-2018 14:55:49] WARNING: [pool www] child 11 said into stderr: "NOTICE: PHP message: PHP Stack trace:"
[17-Jan-2018 14:55:49] WARNING: [pool www] child 11 said into stderr: "NOTICE: PHP message: PHP   1. {main}() /var/www/html/api/public/index.php:0"
[17-Jan-2018 14:55:49] WARNING: [pool www] child 11 said into stderr: "NOTICE: PHP message: PHP   2. require() /var/www/html/api/public/index.php:14"
[17-Jan-2018 14:55:49] WARNING: [pool www] child 11 said into stderr: "NOTICE: PHP message: PHP Fatal error:  require_once(): Failed opening required '/var/www/html/api/bootstrap/../vendor/autoload.php' (include_path='.:/usr/share/php') in /var/www/html/api/bootstrap/app.php on line 3"
[17-Jan-2018 14:55:49] WARNING: [pool www] child 11 said into stderr: "NOTICE: PHP message: PHP Stack trace:"
[17-Jan-2018 14:55:49] WARNING: [pool www] child 11 said into stderr: "NOTICE: PHP message: PHP   1. {main}() /var/www/html/api/public/index.php:0"
[17-Jan-2018 14:55:49] WARNING: [pool www] child 11 said into stderr: "NOTICE: PHP message: PHP   2. require() /var/www/html/api/public/index.php:14"
[18-Jan-2018 12:14:47] NOTICE: Terminating ...
[18-Jan-2018 12:14:47] NOTICE: exiting, bye-bye!
[18-Jan-2018 16:35:01] NOTICE: fpm is running, pid 9
[18-Jan-2018 16:35:01] NOTICE: ready to handle connections
[18-Jan-2018 16:35:01] NOTICE: systemd monitor interval set to 10000ms
